{"/Users/Ricardino/hr-rpt01/TableCRM/.eslintrc.js": {"path":"/Users/Ricardino/hr-rpt01/TableCRM/.eslintrc.js","statementMap":{"0":{"start":{"line":1,"column":13},"end":{"line":16,"column":34}}},"fnMap":{},"branchMap":{},"s":{"0":0},"f":{},"b":{}}
,"/Users/Ricardino/hr-rpt01/TableCRM/webpack.common.js": {"path":"/Users/Ricardino/hr-rpt01/TableCRM/webpack.common.js","statementMap":{"0":{"start":{"line":1,"column":24},"end":{"line":1,"column":39}},"1":{"start":{"line":3,"column":0},"end":{"line":45,"column":20}}},"fnMap":{},"branchMap":{},"s":{"0":0,"1":0},"f":{},"b":{}}
,"/Users/Ricardino/hr-rpt01/TableCRM/webpack.dev.js": {"path":"/Users/Ricardino/hr-rpt01/TableCRM/webpack.dev.js","statementMap":{"0":{"start":{"line":1,"column":25},"end":{"line":1,"column":49}},"1":{"start":{"line":2,"column":13},"end":{"line":2,"column":43}},"2":{"start":{"line":3,"column":11},"end":{"line":3,"column":26}},"3":{"start":{"line":5,"column":0},"end":{"line":5,"column":23}},"4":{"start":{"line":7,"column":0},"end":{"line":17,"column":36}}},"fnMap":{},"branchMap":{},"s":{"0":0,"1":0,"2":0,"3":0,"4":0},"f":{},"b":{}}
,"/Users/Ricardino/hr-rpt01/TableCRM/webpack.prod.js": {"path":"/Users/Ricardino/hr-rpt01/TableCRM/webpack.prod.js","statementMap":{"0":{"start":{"line":1,"column":24},"end":{"line":1,"column":39}},"1":{"start":{"line":2,"column":14},"end":{"line":2,"column":32}},"2":{"start":{"line":3,"column":12},"end":{"line":3,"column":36}},"3":{"start":{"line":4,"column":13},"end":{"line":4,"column":43}},"4":{"start":{"line":5,"column":24},"end":{"line":5,"column":61}},"5":{"start":{"line":6,"column":21},"end":{"line":6,"column":55}},"6":{"start":{"line":8,"column":0},"end":{"line":16,"column":53}}},"fnMap":{},"branchMap":{},"s":{"0":0,"1":0,"2":0,"3":0,"4":0,"5":0,"6":0},"f":{},"b":{}}
,"/Users/Ricardino/hr-rpt01/TableCRM/__test__/setupTests.js": {"path":"/Users/Ricardino/hr-rpt01/TableCRM/__test__/setupTests.js","statementMap":{"0":{"start":{"line":9,"column":0},"end":{"line":9,"column":69}}},"fnMap":{},"branchMap":{},"s":{"0":2},"f":{},"b":{},"_coverageSchema":"332fd63041d2c1bcb487cc26dd0d5f7d97098a6c","hash":"011daba278588c47186e9aacb727cbcc12a4ec19"}
,"/Users/Ricardino/hr-rpt01/TableCRM/__test__/sum.js": {"path":"/Users/Ricardino/hr-rpt01/TableCRM/__test__/sum.js","statementMap":{"0":{"start":{"line":2,"column":2},"end":{"line":2,"column":15}},"1":{"start":{"line":4,"column":0},"end":{"line":4,"column":21}}},"fnMap":{"0":{"name":"sum","decl":{"start":{"line":1,"column":9},"end":{"line":1,"column":12}},"loc":{"start":{"line":1,"column":19},"end":{"line":3,"column":1}},"line":1}},"branchMap":{},"s":{"0":1,"1":1},"f":{"0":1},"b":{},"_coverageSchema":"332fd63041d2c1bcb487cc26dd0d5f7d97098a6c","hash":"c448f293401a1b197377bd51df7bcc268aa093f4"}
,"/Users/Ricardino/hr-rpt01/TableCRM/__test__/tempPolyfills.js": {"path":"/Users/Ricardino/hr-rpt01/TableCRM/__test__/tempPolyfills.js","statementMap":{"0":{"start":{"line":3,"column":31},"end":{"line":5,"column":1}},"1":{"start":{"line":4,"column":2},"end":{"line":4,"column":26}}},"fnMap":{"0":{"name":"(anonymous_0)","decl":{"start":{"line":3,"column":62},"end":{"line":3,"column":63}},"loc":{"start":{"line":3,"column":74},"end":{"line":5,"column":1}},"line":3}},"branchMap":{},"s":{"0":2,"1":0},"f":{"0":0},"b":{},"_coverageSchema":"332fd63041d2c1bcb487cc26dd0d5f7d97098a6c","hash":"5803fad6d0e78e50798b024c0b5312acc99eaa51"}
,"/Users/Ricardino/hr-rpt01/TableCRM/__test__/__snapshots__/App.test.js.snap": {"path":"/Users/Ricardino/hr-rpt01/TableCRM/__test__/__snapshots__/App.test.js.snap","statementMap":{"0":{"start":{"line":3,"column":0},"end":{"line":432,"column":2}}},"fnMap":{},"branchMap":{},"s":{"0":0},"f":{},"b":{}}
,"/Users/Ricardino/hr-rpt01/TableCRM/client/src/main.js": {"path":"/Users/Ricardino/hr-rpt01/TableCRM/client/src/main.js","statementMap":{"0":{"start":{"line":1,"column":26},"end":{"line":1,"column":42}},"1":{"start":{"line":1,"column":57},"end":{"line":1,"column":87}},"2":{"start":{"line":2,"column":16},"end":{"line":2,"column":36}},"3":{"start":{"line":2,"column":54},"end":{"line":2,"column":87}},"4":{"start":{"line":3,"column":22},"end":{"line":3,"column":49}},"5":{"start":{"line":4,"column":18},"end":{"line":4,"column":40}},"6":{"start":{"line":6,"column":13},"end":{"line":6,"column":31}},"7":{"start":{"line":6,"column":46},"end":{"line":6,"column":76}},"8":{"start":{"line":7,"column":11},"end":{"line":7,"column":42}},"9":{"start":{"line":7,"column":55},"end":{"line":7,"column":83}},"10":{"start":{"line":7,"column":122},"end":{"line":7,"column":176}},"11":{"start":{"line":9,"column":0},"end":{"line":15,"column":32}}},"fnMap":{"0":{"name":"_interopRequireDefault","decl":{"start":{"line":7,"column":93},"end":{"line":7,"column":115}},"loc":{"start":{"line":7,"column":121},"end":{"line":7,"column":177}},"line":7}},"branchMap":{"0":{"loc":{"start":{"line":7,"column":129},"end":{"line":7,"column":175}},"type":"cond-expr","locations":[{"start":{"line":7,"column":153},"end":{"line":7,"column":156}},{"start":{"line":7,"column":159},"end":{"line":7,"column":175}}],"line":7},"1":{"loc":{"start":{"line":7,"column":129},"end":{"line":7,"column":150}},"type":"binary-expr","locations":[{"start":{"line":7,"column":129},"end":{"line":7,"column":132}},{"start":{"line":7,"column":136},"end":{"line":7,"column":150}}],"line":7}},"s":{"0":0,"1":0,"2":0,"3":0,"4":0,"5":0,"6":0,"7":0,"8":0,"9":0,"10":0,"11":0},"f":{"0":0},"b":{"0":[0,0],"1":[0,0]}}
,"/Users/Ricardino/hr-rpt01/TableCRM/client/src/store.js": {"path":"/Users/Ricardino/hr-rpt01/TableCRM/client/src/store.js","statementMap":{"0":{"start":{"line":1,"column":13},"end":{"line":1,"column":75}},"1":{"start":{"line":1,"column":88},"end":{"line":1,"column":104}},"2":{"start":{"line":2,"column":20},"end":{"line":2,"column":44}},"3":{"start":{"line":2,"column":66},"end":{"line":2,"column":103}},"4":{"start":{"line":3,"column":18},"end":{"line":3,"column":40}},"5":{"start":{"line":3,"column":60},"end":{"line":3,"column":95}},"6":{"start":{"line":4,"column":19},"end":{"line":4,"column":42}},"7":{"start":{"line":4,"column":63},"end":{"line":4,"column":99}},"8":{"start":{"line":6,"column":16},"end":{"line":6,"column":37}},"9":{"start":{"line":6,"column":55},"end":{"line":6,"column":88}},"10":{"start":{"line":6,"column":127},"end":{"line":6,"column":181}},"11":{"start":{"line":8,"column":17},"end":{"line":8,"column":113}},"12":{"start":{"line":10,"column":0},"end":{"line":11,"column":56}}},"fnMap":{"0":{"name":"_interopRequireDefault","decl":{"start":{"line":6,"column":98},"end":{"line":6,"column":120}},"loc":{"start":{"line":6,"column":126},"end":{"line":6,"column":182}},"line":6}},"branchMap":{"0":{"loc":{"start":{"line":6,"column":134},"end":{"line":6,"column":180}},"type":"cond-expr","locations":[{"start":{"line":6,"column":158},"end":{"line":6,"column":161}},{"start":{"line":6,"column":164},"end":{"line":6,"column":180}}],"line":6},"1":{"loc":{"start":{"line":6,"column":134},"end":{"line":6,"column":155}},"type":"binary-expr","locations":[{"start":{"line":6,"column":134},"end":{"line":6,"column":137}},{"start":{"line":6,"column":141},"end":{"line":6,"column":155}}],"line":6}},"s":{"0":0,"1":0,"2":0,"3":0,"4":0,"5":0,"6":0,"7":0,"8":0,"9":0,"10":0,"11":0,"12":0},"f":{"0":0},"b":{"0":[0,0],"1":[0,0]}}
,"/Users/Ricardino/hr-rpt01/TableCRM/client/src/actions/accountsActions.js": {"path":"/Users/Ricardino/hr-rpt01/TableCRM/client/src/actions/accountsActions.js","statementMap":{"0":{"start":{"line":21,"column":2},"end":{"line":39,"column":7}},"1":{"start":{"line":24,"column":6},"end":{"line":28,"column":7}},"2":{"start":{"line":25,"column":8},"end":{"line":27,"column":9}},"3":{"start":{"line":26,"column":10},"end":{"line":26,"column":79}},"4":{"start":{"line":29,"column":6},"end":{"line":29,"column":22}},"5":{"start":{"line":32,"column":6},"end":{"line":35,"column":9}},"6":{"start":{"line":38,"column":6},"end":{"line":38,"column":30}},"7":{"start":{"line":43,"column":2},"end":{"line":58,"column":4}},"8":{"start":{"line":44,"column":23},"end":{"line":48,"column":5}},"9":{"start":{"line":45,"column":6},"end":{"line":47,"column":9}},"10":{"start":{"line":46,"column":8},"end":{"line":46,"column":33}},"11":{"start":{"line":50,"column":22},"end":{"line":54,"column":5}},"12":{"start":{"line":51,"column":6},"end":{"line":53,"column":9}},"13":{"start":{"line":52,"column":8},"end":{"line":52,"column":33}},"14":{"start":{"line":56,"column":36},"end":{"line":56,"column":67}},"15":{"start":{"line":57,"column":4},"end":{"line":57,"column":74}},"16":{"start":{"line":62,"column":2},"end":{"line":71,"column":4}},"17":{"start":{"line":63,"column":25},"end":{"line":63,"column":64}},"18":{"start":{"line":64,"column":31},"end":{"line":64,"column":55}},"19":{"start":{"line":65,"column":23},"end":{"line":65,"column":55}},"20":{"start":{"line":66,"column":4},"end":{"line":70,"column":7}}},"fnMap":{"0":{"name":"getAllAccounts","decl":{"start":{"line":20,"column":16},"end":{"line":20,"column":30}},"loc":{"start":{"line":20,"column":41},"end":{"line":40,"column":1}},"line":20},"1":{"name":"(anonymous_1)","decl":{"start":{"line":23,"column":10},"end":{"line":23,"column":11}},"loc":{"start":{"line":23,"column":22},"end":{"line":30,"column":5}},"line":23},"2":{"name":"(anonymous_2)","decl":{"start":{"line":31,"column":10},"end":{"line":31,"column":11}},"loc":{"start":{"line":31,"column":22},"end":{"line":36,"column":5}},"line":31},"3":{"name":"(anonymous_3)","decl":{"start":{"line":37,"column":11},"end":{"line":37,"column":12}},"loc":{"start":{"line":37,"column":18},"end":{"line":39,"column":5}},"line":37},"4":{"name":"createAndUpdateAccounts","decl":{"start":{"line":42,"column":16},"end":{"line":42,"column":39}},"loc":{"start":{"line":42,"column":57},"end":{"line":59,"column":1}},"line":42},"5":{"name":"(anonymous_5)","decl":{"start":{"line":43,"column":9},"end":{"line":43,"column":10}},"loc":{"start":{"line":43,"column":28},"end":{"line":58,"column":3}},"line":43},"6":{"name":"(anonymous_6)","decl":{"start":{"line":44,"column":23},"end":{"line":44,"column":24}},"loc":{"start":{"line":44,"column":41},"end":{"line":48,"column":5}},"line":44},"7":{"name":"(anonymous_7)","decl":{"start":{"line":45,"column":52},"end":{"line":45,"column":53}},"loc":{"start":{"line":45,"column":58},"end":{"line":47,"column":7}},"line":45},"8":{"name":"(anonymous_8)","decl":{"start":{"line":50,"column":22},"end":{"line":50,"column":23}},"loc":{"start":{"line":50,"column":44},"end":{"line":54,"column":5}},"line":50},"9":{"name":"(anonymous_9)","decl":{"start":{"line":51,"column":55},"end":{"line":51,"column":56}},"loc":{"start":{"line":51,"column":61},"end":{"line":53,"column":7}},"line":51},"10":{"name":"deleteAccounts","decl":{"start":{"line":61,"column":16},"end":{"line":61,"column":30}},"loc":{"start":{"line":61,"column":46},"end":{"line":72,"column":1}},"line":61},"11":{"name":"(anonymous_11)","decl":{"start":{"line":62,"column":9},"end":{"line":62,"column":10}},"loc":{"start":{"line":62,"column":28},"end":{"line":71,"column":3}},"line":62}},"branchMap":{"0":{"loc":{"start":{"line":25,"column":8},"end":{"line":27,"column":9}},"type":"if","locations":[{"start":{"line":25,"column":8},"end":{"line":27,"column":9}},{"start":{"line":25,"column":8},"end":{"line":27,"column":9}}],"line":25}},"s":{"0":0,"1":0,"2":0,"3":0,"4":0,"5":0,"6":0,"7":0,"8":0,"9":0,"10":0,"11":0,"12":0,"13":0,"14":0,"15":0,"16":0,"17":0,"18":0,"19":0,"20":0},"f":{"0":0,"1":0,"2":0,"3":0,"4":0,"5":0,"6":0,"7":0,"8":0,"9":0,"10":0,"11":0},"b":{"0":[0,0]},"_coverageSchema":"332fd63041d2c1bcb487cc26dd0d5f7d97098a6c","hash":"5b69591410a3868bedef14166f9565112ac0500e"}
,"/Users/Ricardino/hr-rpt01/TableCRM/client/src/actions/contactsActions.js": {"path":"/Users/Ricardino/hr-rpt01/TableCRM/client/src/actions/contactsActions.js","statementMap":{"0":{"start":{"line":1,"column":13},"end":{"line":1,"column":75}},"1":{"start":{"line":1,"column":75},"end":{"line":4,"column":26}},"2":{"start":{"line":4,"column":26},"end":{"line":18,"column":50}},"3":{"start":{"line":18,"column":50},"end":{"line":37,"column":32}},"4":{"start":{"line":37,"column":45},"end":{"line":37,"column":61}},"5":{"start":{"line":37,"column":76},"end":{"line":37,"column":106}},"6":{"start":{"line":37,"column":121},"end":{"line":37,"column":145}},"7":{"start":{"line":37,"column":184},"end":{"line":37,"column":238}},"8":{"start":{"line":37,"column":271},"end":{"line":37,"column":449}},"9":{"start":{"line":37,"column":334},"end":{"line":37,"column":397}},"10":{"start":{"line":37,"column":422},"end":{"line":37,"column":446}},"11":{"start":{"line":37,"column":501},"end":{"line":37,"column":998}},"12":{"start":{"line":37,"column":548},"end":{"line":37,"column":686}},"13":{"start":{"line":37,"column":580},"end":{"line":37,"column":685}},"14":{"start":{"line":37,"column":658},"end":{"line":37,"column":682}},"15":{"start":{"line":37,"column":705},"end":{"line":37,"column":853}},"16":{"start":{"line":37,"column":740},"end":{"line":37,"column":852}},"17":{"start":{"line":37,"column":825},"end":{"line":37,"column":849}},"18":{"start":{"line":37,"column":886},"end":{"line":37,"column":925}},"19":{"start":{"line":37,"column":926},"end":{"line":37,"column":996}},"20":{"start":{"line":38,"column":2},"end":{"line":49,"column":4}},"21":{"start":{"line":40,"column":29},"end":{"line":40,"column":61}},"22":{"start":{"line":41,"column":21},"end":{"line":41,"column":41}},"23":{"start":{"line":42,"column":4},"end":{"line":46,"column":36}}},"fnMap":{"0":{"name":"_interopRequireDefault","decl":{"start":{"line":37,"column":155},"end":{"line":37,"column":177}},"loc":{"start":{"line":37,"column":183},"end":{"line":37,"column":239}},"line":37},"1":{"name":"getContacts","decl":{"start":{"line":37,"column":248},"end":{"line":37,"column":259}},"loc":{"start":{"line":37,"column":270},"end":{"line":37,"column":450}},"line":37},"2":{"name":"(anonymous_2)","decl":{"start":{"line":37,"column":313},"end":{"line":37,"column":314}},"loc":{"start":{"line":37,"column":333},"end":{"line":37,"column":398}},"line":37},"3":{"name":"(anonymous_3)","decl":{"start":{"line":37,"column":406},"end":{"line":37,"column":407}},"loc":{"start":{"line":37,"column":421},"end":{"line":37,"column":447}},"line":37},"4":{"name":"createAndUpdateContacts","decl":{"start":{"line":37,"column":459},"end":{"line":37,"column":482}},"loc":{"start":{"line":37,"column":500},"end":{"line":37,"column":999}},"line":37},"5":{"name":"(anonymous_5)","decl":{"start":{"line":37,"column":508},"end":{"line":37,"column":509}},"loc":{"start":{"line":37,"column":528},"end":{"line":37,"column":997}},"line":37},"6":{"name":"postCallback","decl":{"start":{"line":37,"column":557},"end":{"line":37,"column":569}},"loc":{"start":{"line":37,"column":579},"end":{"line":37,"column":686}},"line":37},"7":{"name":"(anonymous_7)","decl":{"start":{"line":37,"column":645},"end":{"line":37,"column":646}},"loc":{"start":{"line":37,"column":657},"end":{"line":37,"column":683}},"line":37},"8":{"name":"putCallback","decl":{"start":{"line":37,"column":714},"end":{"line":37,"column":725}},"loc":{"start":{"line":37,"column":739},"end":{"line":37,"column":853}},"line":37},"9":{"name":"(anonymous_9)","decl":{"start":{"line":37,"column":812},"end":{"line":37,"column":813}},"loc":{"start":{"line":37,"column":824},"end":{"line":37,"column":850}},"line":37},"10":{"name":"deleteContacts","decl":{"start":{"line":37,"column":1008},"end":{"line":37,"column":1022}},"loc":{"start":{"line":37,"column":1038},"end":{"line":50,"column":1}},"line":37},"11":{"name":"(anonymous_11)","decl":{"start":{"line":38,"column":9},"end":{"line":38,"column":10}},"loc":{"start":{"line":38,"column":29},"end":{"line":49,"column":3}},"line":38}},"branchMap":{"0":{"loc":{"start":{"line":37,"column":191},"end":{"line":37,"column":237}},"type":"cond-expr","locations":[{"start":{"line":37,"column":215},"end":{"line":37,"column":218}},{"start":{"line":37,"column":221},"end":{"line":37,"column":237}}],"line":37},"1":{"loc":{"start":{"line":37,"column":191},"end":{"line":37,"column":212}},"type":"binary-expr","locations":[{"start":{"line":37,"column":191},"end":{"line":37,"column":194}},{"start":{"line":37,"column":198},"end":{"line":37,"column":212}}],"line":37}},"s":{"0":0,"1":0,"2":0,"3":0,"4":0,"5":0,"6":0,"7":0,"8":0,"9":0,"10":0,"11":0,"12":0,"13":0,"14":0,"15":0,"16":0,"17":0,"18":0,"19":0,"20":0,"21":0,"22":0,"23":0},"f":{"0":0,"1":0,"2":0,"3":0,"4":0,"5":0,"6":0,"7":0,"8":0,"9":0,"10":0,"11":0},"b":{"0":[0,0],"1":[0,0]}}
,"/Users/Ricardino/hr-rpt01/TableCRM/client/src/actions/leadsActions.js": {"path":"/Users/Ricardino/hr-rpt01/TableCRM/client/src/actions/leadsActions.js","statementMap":{"0":{"start":{"line":1,"column":13},"end":{"line":1,"column":75}},"1":{"start":{"line":1,"column":75},"end":{"line":5,"column":26}},"2":{"start":{"line":5,"column":26},"end":{"line":26,"column":44}},"3":{"start":{"line":26,"column":44},"end":{"line":45,"column":26}},"4":{"start":{"line":45,"column":26},"end":{"line":60,"column":44}},"5":{"start":{"line":60,"column":57},"end":{"line":60,"column":73}},"6":{"start":{"line":60,"column":88},"end":{"line":60,"column":118}},"7":{"start":{"line":60,"column":133},"end":{"line":60,"column":150}},"8":{"start":{"line":60,"column":166},"end":{"line":60,"column":197}},"9":{"start":{"line":60,"column":212},"end":{"line":60,"column":236}},"10":{"start":{"line":60,"column":275},"end":{"line":60,"column":329}},"11":{"start":{"line":60,"column":362},"end":{"line":60,"column":1178}},"12":{"start":{"line":60,"column":454},"end":{"line":60,"column":458}},"13":{"start":{"line":60,"column":483},"end":{"line":60,"column":488}},"14":{"start":{"line":60,"column":510},"end":{"line":60,"column":519}},"15":{"start":{"line":60,"column":520},"end":{"line":60,"column":1021}},"16":{"start":{"line":60,"column":525},"end":{"line":60,"column":812}},"17":{"start":{"line":60,"column":696},"end":{"line":60,"column":707}},"18":{"start":{"line":60,"column":708},"end":{"line":60,"column":811}},"19":{"start":{"line":60,"column":727},"end":{"line":60,"column":811}},"20":{"start":{"line":60,"column":827},"end":{"line":60,"column":852}},"21":{"start":{"line":60,"column":852},"end":{"line":60,"column":873}},"22":{"start":{"line":60,"column":884},"end":{"line":60,"column":1020}},"23":{"start":{"line":60,"column":889},"end":{"line":60,"column":962}},"24":{"start":{"line":60,"column":942},"end":{"line":60,"column":961}},"25":{"start":{"line":60,"column":973},"end":{"line":60,"column":1019}},"26":{"start":{"line":60,"column":997},"end":{"line":60,"column":1018}},"27":{"start":{"line":60,"column":1021},"end":{"line":60,"column":1037}},"28":{"start":{"line":60,"column":1066},"end":{"line":60,"column":1126}},"29":{"start":{"line":60,"column":1151},"end":{"line":60,"column":1175}},"30":{"start":{"line":60,"column":1227},"end":{"line":60,"column":1714}},"31":{"start":{"line":60,"column":1274},"end":{"line":60,"column":1407}},"32":{"start":{"line":60,"column":1306},"end":{"line":60,"column":1406}},"33":{"start":{"line":60,"column":1381},"end":{"line":60,"column":1403}},"34":{"start":{"line":60,"column":1426},"end":{"line":60,"column":1569}},"35":{"start":{"line":60,"column":1461},"end":{"line":60,"column":1568}},"36":{"start":{"line":60,"column":1543},"end":{"line":60,"column":1565}},"37":{"start":{"line":60,"column":1602},"end":{"line":60,"column":1641}},"38":{"start":{"line":60,"column":1642},"end":{"line":60,"column":1712}},"39":{"start":{"line":60,"column":1752},"end":{"line":60,"column":2045}},"40":{"start":{"line":60,"column":1799},"end":{"line":60,"column":1838}},"41":{"start":{"line":60,"column":1864},"end":{"line":60,"column":1896}},"42":{"start":{"line":60,"column":1914},"end":{"line":60,"column":1946}},"43":{"start":{"line":60,"column":1947},"end":{"line":60,"column":2043}},"44":{"start":{"line":61,"column":2},"end":{"line":83,"column":5}},"45":{"start":{"line":64,"column":24},"end":{"line":64,"column":26}},"46":{"start":{"line":65,"column":18},"end":{"line":65,"column":31}},"47":{"start":{"line":65,"column":65},"end":{"line":65,"column":69}},"48":{"start":{"line":65,"column":95},"end":{"line":65,"column":100}},"49":{"start":{"line":65,"column":123},"end":{"line":65,"column":132}},"50":{"start":{"line":65,"column":133},"end":{"line":68,"column":223}},"51":{"start":{"line":66,"column":6},"end":{"line":68,"column":7}},"52":{"start":{"line":66,"column":180},"end":{"line":66,"column":192}},"53":{"start":{"line":67,"column":8},"end":{"line":67,"column":40}},"54":{"start":{"line":68,"column":22},"end":{"line":68,"column":48}},"55":{"start":{"line":68,"column":48},"end":{"line":68,"column":70}},"56":{"start":{"line":68,"column":81},"end":{"line":68,"column":222}},"57":{"start":{"line":68,"column":86},"end":{"line":68,"column":162}},"58":{"start":{"line":68,"column":141},"end":{"line":68,"column":161}},"59":{"start":{"line":68,"column":173},"end":{"line":68,"column":221}},"60":{"start":{"line":68,"column":198},"end":{"line":68,"column":220}},"61":{"start":{"line":69,"column":4},"end":{"line":69,"column":42}},"62":{"start":{"line":72,"column":4},"end":{"line":74,"column":30}},"63":{"start":{"line":76,"column":4},"end":{"line":78,"column":30}},"64":{"start":{"line":82,"column":4},"end":{"line":82,"column":28}}},"fnMap":{"0":{"name":"_interopRequireDefault","decl":{"start":{"line":60,"column":246},"end":{"line":60,"column":268}},"loc":{"start":{"line":60,"column":274},"end":{"line":60,"column":330}},"line":60},"1":{"name":"getAllLeads","decl":{"start":{"line":60,"column":339},"end":{"line":60,"column":350}},"loc":{"start":{"line":60,"column":361},"end":{"line":60,"column":1179}},"line":60},"2":{"name":"(anonymous_2)","decl":{"start":{"line":60,"column":401},"end":{"line":60,"column":402}},"loc":{"start":{"line":60,"column":421},"end":{"line":60,"column":1038}},"line":60},"3":{"name":"(anonymous_3)","decl":{"start":{"line":60,"column":1045},"end":{"line":60,"column":1046}},"loc":{"start":{"line":60,"column":1065},"end":{"line":60,"column":1127}},"line":60},"4":{"name":"(anonymous_4)","decl":{"start":{"line":60,"column":1135},"end":{"line":60,"column":1136}},"loc":{"start":{"line":60,"column":1150},"end":{"line":60,"column":1176}},"line":60},"5":{"name":"createAndUpdateLeads","decl":{"start":{"line":60,"column":1188},"end":{"line":60,"column":1208}},"loc":{"start":{"line":60,"column":1226},"end":{"line":60,"column":1715}},"line":60},"6":{"name":"(anonymous_6)","decl":{"start":{"line":60,"column":1234},"end":{"line":60,"column":1235}},"loc":{"start":{"line":60,"column":1254},"end":{"line":60,"column":1713}},"line":60},"7":{"name":"postCallback","decl":{"start":{"line":60,"column":1283},"end":{"line":60,"column":1295}},"loc":{"start":{"line":60,"column":1305},"end":{"line":60,"column":1407}},"line":60},"8":{"name":"(anonymous_8)","decl":{"start":{"line":60,"column":1368},"end":{"line":60,"column":1369}},"loc":{"start":{"line":60,"column":1380},"end":{"line":60,"column":1404}},"line":60},"9":{"name":"putCallback","decl":{"start":{"line":60,"column":1435},"end":{"line":60,"column":1446}},"loc":{"start":{"line":60,"column":1460},"end":{"line":60,"column":1569}},"line":60},"10":{"name":"(anonymous_10)","decl":{"start":{"line":60,"column":1530},"end":{"line":60,"column":1531}},"loc":{"start":{"line":60,"column":1542},"end":{"line":60,"column":1566}},"line":60},"11":{"name":"deleteLeads","decl":{"start":{"line":60,"column":1724},"end":{"line":60,"column":1735}},"loc":{"start":{"line":60,"column":1751},"end":{"line":60,"column":2046}},"line":60},"12":{"name":"(anonymous_12)","decl":{"start":{"line":60,"column":1759},"end":{"line":60,"column":1760}},"loc":{"start":{"line":60,"column":1779},"end":{"line":60,"column":2044}},"line":60},"13":{"name":"getLeadsColumnOrders","decl":{"start":{"line":60,"column":2055},"end":{"line":60,"column":2075}},"loc":{"start":{"line":60,"column":2086},"end":{"line":84,"column":1}},"line":60},"14":{"name":"(anonymous_14)","decl":{"start":{"line":63,"column":7},"end":{"line":63,"column":8}},"loc":{"start":{"line":63,"column":27},"end":{"line":70,"column":3}},"line":63},"15":{"name":"(anonymous_15)","decl":{"start":{"line":71,"column":7},"end":{"line":71,"column":8}},"loc":{"start":{"line":71,"column":27},"end":{"line":80,"column":3}},"line":71},"16":{"name":"(anonymous_16)","decl":{"start":{"line":81,"column":8},"end":{"line":81,"column":9}},"loc":{"start":{"line":81,"column":23},"end":{"line":83,"column":3}},"line":81}},"branchMap":{"0":{"loc":{"start":{"line":60,"column":282},"end":{"line":60,"column":328}},"type":"cond-expr","locations":[{"start":{"line":60,"column":306},"end":{"line":60,"column":309}},{"start":{"line":60,"column":312},"end":{"line":60,"column":328}}],"line":60},"1":{"loc":{"start":{"line":60,"column":282},"end":{"line":60,"column":303}},"type":"binary-expr","locations":[{"start":{"line":60,"column":282},"end":{"line":60,"column":285}},{"start":{"line":60,"column":289},"end":{"line":60,"column":303}}],"line":60},"2":{"loc":{"start":{"line":60,"column":708},"end":{"line":60,"column":811}},"type":"if","locations":[{"start":{"line":60,"column":708},"end":{"line":60,"column":811}},{"start":{"line":60,"column":708},"end":{"line":60,"column":811}}],"line":60},"3":{"loc":{"start":{"line":60,"column":889},"end":{"line":60,"column":962}},"type":"if","locations":[{"start":{"line":60,"column":889},"end":{"line":60,"column":962}},{"start":{"line":60,"column":889},"end":{"line":60,"column":962}}],"line":60},"4":{"loc":{"start":{"line":60,"column":893},"end":{"line":60,"column":939}},"type":"binary-expr","locations":[{"start":{"line":60,"column":893},"end":{"line":60,"column":919}},{"start":{"line":60,"column":923},"end":{"line":60,"column":939}}],"line":60},"5":{"loc":{"start":{"line":60,"column":973},"end":{"line":60,"column":1019}},"type":"if","locations":[{"start":{"line":60,"column":973},"end":{"line":60,"column":1019}},{"start":{"line":60,"column":973},"end":{"line":60,"column":1019}}],"line":60},"6":{"loc":{"start":{"line":68,"column":86},"end":{"line":68,"column":162}},"type":"if","locations":[{"start":{"line":68,"column":86},"end":{"line":68,"column":162}},{"start":{"line":68,"column":86},"end":{"line":68,"column":162}}],"line":68},"7":{"loc":{"start":{"line":68,"column":90},"end":{"line":68,"column":138}},"type":"binary-expr","locations":[{"start":{"line":68,"column":90},"end":{"line":68,"column":117}},{"start":{"line":68,"column":121},"end":{"line":68,"column":138}}],"line":68},"8":{"loc":{"start":{"line":68,"column":173},"end":{"line":68,"column":221}},"type":"if","locations":[{"start":{"line":68,"column":173},"end":{"line":68,"column":221}},{"start":{"line":68,"column":173},"end":{"line":68,"column":221}}],"line":68}},"s":{"0":0,"1":0,"2":0,"3":0,"4":0,"5":0,"6":0,"7":0,"8":0,"9":0,"10":0,"11":0,"12":0,"13":0,"14":0,"15":0,"16":0,"17":0,"18":0,"19":0,"20":0,"21":0,"22":0,"23":0,"24":0,"25":0,"26":0,"27":0,"28":0,"29":0,"30":0,"31":0,"32":0,"33":0,"34":0,"35":0,"36":0,"37":0,"38":0,"39":0,"40":0,"41":0,"42":0,"43":0,"44":0,"45":0,"46":0,"47":0,"48":0,"49":0,"50":0,"51":0,"52":0,"53":0,"54":0,"55":0,"56":0,"57":0,"58":0,"59":0,"60":0,"61":0,"62":0,"63":0,"64":0},"f":{"0":0,"1":0,"2":0,"3":0,"4":0,"5":0,"6":0,"7":0,"8":0,"9":0,"10":0,"11":0,"12":0,"13":0,"14":0,"15":0,"16":0},"b":{"0":[0,0],"1":[0,0],"2":[0,0],"3":[0,0],"4":[0,0],"5":[0,0],"6":[0,0],"7":[0,0],"8":[0,0]}}
,"/Users/Ricardino/hr-rpt01/TableCRM/client/src/actions/opportunitiesActions.js": {"path":"/Users/Ricardino/hr-rpt01/TableCRM/client/src/actions/opportunitiesActions.js","statementMap":{"0":{"start":{"line":1,"column":13},"end":{"line":1,"column":75}},"1":{"start":{"line":1,"column":75},"end":{"line":5,"column":42}},"2":{"start":{"line":5,"column":42},"end":{"line":13,"column":60}},"3":{"start":{"line":13,"column":60},"end":{"line":30,"column":42}},"4":{"start":{"line":30,"column":55},"end":{"line":30,"column":71}},"5":{"start":{"line":30,"column":86},"end":{"line":30,"column":116}},"6":{"start":{"line":30,"column":131},"end":{"line":30,"column":155}},"7":{"start":{"line":30,"column":194},"end":{"line":30,"column":248}},"8":{"start":{"line":30,"column":295},"end":{"line":30,"column":336}},"9":{"start":{"line":30,"column":337},"end":{"line":30,"column":396}},"10":{"start":{"line":30,"column":453},"end":{"line":30,"column":976}},"11":{"start":{"line":30,"column":500},"end":{"line":30,"column":651}},"12":{"start":{"line":30,"column":532},"end":{"line":30,"column":650}},"13":{"start":{"line":30,"column":615},"end":{"line":30,"column":647}},"14":{"start":{"line":30,"column":670},"end":{"line":30,"column":831}},"15":{"start":{"line":30,"column":705},"end":{"line":30,"column":830}},"16":{"start":{"line":30,"column":795},"end":{"line":30,"column":827}},"17":{"start":{"line":30,"column":864},"end":{"line":30,"column":903}},"18":{"start":{"line":30,"column":904},"end":{"line":30,"column":974}},"19":{"start":{"line":31,"column":2},"end":{"line":40,"column":4}},"20":{"start":{"line":32,"column":23},"end":{"line":32,"column":62}},"21":{"start":{"line":33,"column":29},"end":{"line":33,"column":61}},"22":{"start":{"line":34,"column":21},"end":{"line":34,"column":53}},"23":{"start":{"line":35,"column":4},"end":{"line":38,"column":42}}},"fnMap":{"0":{"name":"_interopRequireDefault","decl":{"start":{"line":30,"column":165},"end":{"line":30,"column":187}},"loc":{"start":{"line":30,"column":193},"end":{"line":30,"column":249}},"line":30},"1":{"name":"getAllOpportunities","decl":{"start":{"line":30,"column":258},"end":{"line":30,"column":277}},"loc":{"start":{"line":30,"column":280},"end":{"line":30,"column":397}},"line":30},"2":{"name":"createAndUpdateOpportunities","decl":{"start":{"line":30,"column":406},"end":{"line":30,"column":434}},"loc":{"start":{"line":30,"column":452},"end":{"line":30,"column":977}},"line":30},"3":{"name":"(anonymous_3)","decl":{"start":{"line":30,"column":460},"end":{"line":30,"column":461}},"loc":{"start":{"line":30,"column":480},"end":{"line":30,"column":975}},"line":30},"4":{"name":"postCallback","decl":{"start":{"line":30,"column":509},"end":{"line":30,"column":521}},"loc":{"start":{"line":30,"column":531},"end":{"line":30,"column":651}},"line":30},"5":{"name":"(anonymous_5)","decl":{"start":{"line":30,"column":602},"end":{"line":30,"column":603}},"loc":{"start":{"line":30,"column":614},"end":{"line":30,"column":648}},"line":30},"6":{"name":"putCallback","decl":{"start":{"line":30,"column":679},"end":{"line":30,"column":690}},"loc":{"start":{"line":30,"column":704},"end":{"line":30,"column":831}},"line":30},"7":{"name":"(anonymous_7)","decl":{"start":{"line":30,"column":782},"end":{"line":30,"column":783}},"loc":{"start":{"line":30,"column":794},"end":{"line":30,"column":828}},"line":30},"8":{"name":"deleteOpportunities","decl":{"start":{"line":30,"column":986},"end":{"line":30,"column":1005}},"loc":{"start":{"line":30,"column":1021},"end":{"line":41,"column":1}},"line":30},"9":{"name":"(anonymous_9)","decl":{"start":{"line":31,"column":9},"end":{"line":31,"column":10}},"loc":{"start":{"line":31,"column":29},"end":{"line":40,"column":3}},"line":31}},"branchMap":{"0":{"loc":{"start":{"line":30,"column":201},"end":{"line":30,"column":247}},"type":"cond-expr","locations":[{"start":{"line":30,"column":225},"end":{"line":30,"column":228}},{"start":{"line":30,"column":231},"end":{"line":30,"column":247}}],"line":30},"1":{"loc":{"start":{"line":30,"column":201},"end":{"line":30,"column":222}},"type":"binary-expr","locations":[{"start":{"line":30,"column":201},"end":{"line":30,"column":204}},{"start":{"line":30,"column":208},"end":{"line":30,"column":222}}],"line":30}},"s":{"0":0,"1":0,"2":0,"3":0,"4":0,"5":0,"6":0,"7":0,"8":0,"9":0,"10":0,"11":0,"12":0,"13":0,"14":0,"15":0,"16":0,"17":0,"18":0,"19":0,"20":0,"21":0,"22":0,"23":0},"f":{"0":0,"1":0,"2":0,"3":0,"4":0,"5":0,"6":0,"7":0,"8":0,"9":0},"b":{"0":[0,0],"1":[0,0]}}
,"/Users/Ricardino/hr-rpt01/TableCRM/client/src/components/App.jsx": {"path":"/Users/Ricardino/hr-rpt01/TableCRM/client/src/components/App.jsx","statementMap":{"0":{"start":{"line":1,"column":13},"end":{"line":1,"column":75}},"1":{"start":{"line":1,"column":94},"end":{"line":1,"column":623}},"2":{"start":{"line":1,"column":149},"end":{"line":1,"column":414}},"3":{"start":{"line":1,"column":206},"end":{"line":1,"column":214}},"4":{"start":{"line":1,"column":215},"end":{"line":1,"column":270}},"5":{"start":{"line":1,"column":270},"end":{"line":1,"column":301}},"6":{"start":{"line":1,"column":301},"end":{"line":1,"column":355}},"7":{"start":{"line":1,"column":328},"end":{"line":1,"column":355}},"8":{"start":{"line":1,"column":355},"end":{"line":1,"column":413}},"9":{"start":{"line":1,"column":415},"end":{"line":1,"column":620}},"10":{"start":{"line":1,"column":471},"end":{"line":1,"column":539}},"11":{"start":{"line":1,"column":487},"end":{"line":1,"column":539}},"12":{"start":{"line":1,"column":539},"end":{"line":1,"column":599}},"13":{"start":{"line":1,"column":556},"end":{"line":1,"column":599}},"14":{"start":{"line":1,"column":599},"end":{"line":1,"column":618}},"15":{"start":{"line":1,"column":637},"end":{"line":1,"column":653}},"16":{"start":{"line":1,"column":668},"end":{"line":1,"column":698}},"17":{"start":{"line":2,"column":22},"end":{"line":2,"column":49}},"18":{"start":{"line":3,"column":17},"end":{"line":3,"column":43}},"19":{"start":{"line":3,"column":62},"end":{"line":3,"column":96}},"20":{"start":{"line":4,"column":13},"end":{"line":4,"column":46}},"21":{"start":{"line":4,"column":61},"end":{"line":4,"column":91}},"22":{"start":{"line":5,"column":21},"end":{"line":5,"column":62}},"23":{"start":{"line":5,"column":85},"end":{"line":5,"column":123}},"24":{"start":{"line":6,"column":16},"end":{"line":6,"column":52}},"25":{"start":{"line":6,"column":70},"end":{"line":6,"column":103}},"26":{"start":{"line":7,"column":16},"end":{"line":7,"column":52}},"27":{"start":{"line":7,"column":70},"end":{"line":7,"column":103}},"28":{"start":{"line":8,"column":14},"end":{"line":8,"column":37}},"29":{"start":{"line":8,"column":53},"end":{"line":8,"column":84}},"30":{"start":{"line":9,"column":17},"end":{"line":9,"column":43}},"31":{"start":{"line":9,"column":62},"end":{"line":9,"column":96}},"32":{"start":{"line":9,"column":135},"end":{"line":9,"column":189}},"33":{"start":{"line":9,"column":239},"end":{"line":9,"column":338}},"34":{"start":{"line":9,"column":280},"end":{"line":9,"column":337}},"35":{"start":{"line":9,"column":388},"end":{"line":9,"column":487}},"36":{"start":{"line":9,"column":400},"end":{"line":9,"column":486}},"37":{"start":{"line":9,"column":487},"end":{"line":9,"column":573}},"38":{"start":{"line":9,"column":616},"end":{"line":9,"column":779}},"39":{"start":{"line":9,"column":678},"end":{"line":9,"column":778}},"40":{"start":{"line":9,"column":779},"end":{"line":9,"column":943}},"41":{"start":{"line":9,"column":943},"end":{"line":9,"column":1061}},"42":{"start":{"line":9,"column":959},"end":{"line":9,"column":1061}},"43":{"start":{"line":11,"column":6},"end":{"line":25,"column":49}},"44":{"start":{"line":11,"column":35},"end":{"line":11,"column":68}},"45":{"start":{"line":11,"column":84},"end":{"line":11,"column":111}},"46":{"start":{"line":11,"column":111},"end":{"line":11,"column":221}},"47":{"start":{"line":11,"column":222},"end":{"line":25,"column":10}},"48":{"start":{"line":13,"column":6},"end":{"line":21,"column":135}},"49":{"start":{"line":25,"column":10},"end":{"line":25,"column":21}},"50":{"start":{"line":25,"column":50},"end":{"line":28,"column":4}}},"fnMap":{"0":{"name":"(anonymous_0)","decl":{"start":{"line":1,"column":94},"end":{"line":1,"column":95}},"loc":{"start":{"line":1,"column":106},"end":{"line":1,"column":621}},"line":1},"1":{"name":"defineProperties","decl":{"start":{"line":1,"column":116},"end":{"line":1,"column":132}},"loc":{"start":{"line":1,"column":148},"end":{"line":1,"column":415}},"line":1},"2":{"name":"(anonymous_2)","decl":{"start":{"line":1,"column":422},"end":{"line":1,"column":423}},"loc":{"start":{"line":1,"column":470},"end":{"line":1,"column":619}},"line":1},"3":{"name":"_interopRequireDefault","decl":{"start":{"line":9,"column":106},"end":{"line":9,"column":128}},"loc":{"start":{"line":9,"column":134},"end":{"line":9,"column":190}},"line":9},"4":{"name":"_classCallCheck","decl":{"start":{"line":9,"column":199},"end":{"line":9,"column":214}},"loc":{"start":{"line":9,"column":238},"end":{"line":9,"column":339}},"line":9},"5":{"name":"_possibleConstructorReturn","decl":{"start":{"line":9,"column":348},"end":{"line":9,"column":374}},"loc":{"start":{"line":9,"column":387},"end":{"line":9,"column":574}},"line":9},"6":{"name":"_inherits","decl":{"start":{"line":9,"column":583},"end":{"line":9,"column":592}},"loc":{"start":{"line":9,"column":615},"end":{"line":9,"column":1062}},"line":9},"7":{"name":"(anonymous_7)","decl":{"start":{"line":11,"column":6},"end":{"line":11,"column":7}},"loc":{"start":{"line":11,"column":34},"end":{"line":25,"column":22}},"line":11},"8":{"name":"App","decl":{"start":{"line":11,"column":77},"end":{"line":11,"column":80}},"loc":{"start":{"line":11,"column":83},"end":{"line":11,"column":222}},"line":11},"9":{"name":"render","decl":{"start":{"line":11,"column":274},"end":{"line":11,"column":280}},"loc":{"start":{"line":12,"column":4},"end":{"line":25,"column":5}},"line":12}},"branchMap":{"0":{"loc":{"start":{"line":1,"column":239},"end":{"line":1,"column":269}},"type":"binary-expr","locations":[{"start":{"line":1,"column":239},"end":{"line":1,"column":260}},{"start":{"line":1,"column":264},"end":{"line":1,"column":269}}],"line":1},"1":{"loc":{"start":{"line":1,"column":301},"end":{"line":1,"column":355}},"type":"if","locations":[{"start":{"line":1,"column":301},"end":{"line":1,"column":355}},{"start":{"line":1,"column":301},"end":{"line":1,"column":355}}],"line":1},"2":{"loc":{"start":{"line":1,"column":471},"end":{"line":1,"column":539}},"type":"if","locations":[{"start":{"line":1,"column":471},"end":{"line":1,"column":539}},{"start":{"line":1,"column":471},"end":{"line":1,"column":539}}],"line":1},"3":{"loc":{"start":{"line":1,"column":539},"end":{"line":1,"column":599}},"type":"if","locations":[{"start":{"line":1,"column":539},"end":{"line":1,"column":599}},{"start":{"line":1,"column":539},"end":{"line":1,"column":599}}],"line":1},"4":{"loc":{"start":{"line":9,"column":142},"end":{"line":9,"column":188}},"type":"cond-expr","locations":[{"start":{"line":9,"column":166},"end":{"line":9,"column":169}},{"start":{"line":9,"column":172},"end":{"line":9,"column":188}}],"line":9},"5":{"loc":{"start":{"line":9,"column":142},"end":{"line":9,"column":163}},"type":"binary-expr","locations":[{"start":{"line":9,"column":142},"end":{"line":9,"column":145}},{"start":{"line":9,"column":149},"end":{"line":9,"column":163}}],"line":9},"6":{"loc":{"start":{"line":9,"column":239},"end":{"line":9,"column":338}},"type":"if","locations":[{"start":{"line":9,"column":239},"end":{"line":9,"column":338}},{"start":{"line":9,"column":239},"end":{"line":9,"column":338}}],"line":9},"7":{"loc":{"start":{"line":9,"column":388},"end":{"line":9,"column":487}},"type":"if","locations":[{"start":{"line":9,"column":388},"end":{"line":9,"column":487}},{"start":{"line":9,"column":388},"end":{"line":9,"column":487}}],"line":9},"8":{"loc":{"start":{"line":9,"column":494},"end":{"line":9,"column":572}},"type":"cond-expr","locations":[{"start":{"line":9,"column":561},"end":{"line":9,"column":565}},{"start":{"line":9,"column":568},"end":{"line":9,"column":572}}],"line":9},"9":{"loc":{"start":{"line":9,"column":494},"end":{"line":9,"column":558}},"type":"binary-expr","locations":[{"start":{"line":9,"column":494},"end":{"line":9,"column":498}},{"start":{"line":9,"column":503},"end":{"line":9,"column":527}},{"start":{"line":9,"column":531},"end":{"line":9,"column":557}}],"line":9},"10":{"loc":{"start":{"line":9,"column":616},"end":{"line":9,"column":779}},"type":"if","locations":[{"start":{"line":9,"column":616},"end":{"line":9,"column":779}},{"start":{"line":9,"column":616},"end":{"line":9,"column":779}}],"line":9},"11":{"loc":{"start":{"line":9,"column":620},"end":{"line":9,"column":675}},"type":"binary-expr","locations":[{"start":{"line":9,"column":620},"end":{"line":9,"column":652}},{"start":{"line":9,"column":656},"end":{"line":9,"column":675}}],"line":9},"12":{"loc":{"start":{"line":9,"column":814},"end":{"line":9,"column":848}},"type":"binary-expr","locations":[{"start":{"line":9,"column":814},"end":{"line":9,"column":824}},{"start":{"line":9,"column":828},"end":{"line":9,"column":848}}],"line":9},"13":{"loc":{"start":{"line":9,"column":943},"end":{"line":9,"column":1061}},"type":"if","locations":[{"start":{"line":9,"column":943},"end":{"line":9,"column":1061}},{"start":{"line":9,"column":943},"end":{"line":9,"column":1061}}],"line":9},"14":{"loc":{"start":{"line":9,"column":959},"end":{"line":9,"column":1060}},"type":"cond-expr","locations":[{"start":{"line":9,"column":983},"end":{"line":9,"column":1026}},{"start":{"line":9,"column":1029},"end":{"line":9,"column":1060}}],"line":9},"15":{"loc":{"start":{"line":11,"column":152},"end":{"line":11,"column":195}},"type":"binary-expr","locations":[{"start":{"line":11,"column":152},"end":{"line":11,"column":165}},{"start":{"line":11,"column":169},"end":{"line":11,"column":195}}],"line":11}},"s":{"0":0,"1":0,"2":0,"3":0,"4":0,"5":0,"6":0,"7":0,"8":0,"9":0,"10":0,"11":0,"12":0,"13":0,"14":0,"15":0,"16":0,"17":0,"18":0,"19":0,"20":0,"21":0,"22":0,"23":0,"24":0,"25":0,"26":0,"27":0,"28":0,"29":0,"30":0,"31":0,"32":0,"33":0,"34":0,"35":0,"36":0,"37":0,"38":0,"39":0,"40":0,"41":0,"42":0,"43":0,"44":0,"45":0,"46":0,"47":0,"48":0,"49":0,"50":0},"f":{"0":0,"1":0,"2":0,"3":0,"4":0,"5":0,"6":0,"7":0,"8":0,"9":0},"b":{"0":[0,0],"1":[0,0],"2":[0,0],"3":[0,0],"4":[0,0],"5":[0,0],"6":[0,0],"7":[0,0],"8":[0,0],"9":[0,0,0],"10":[0,0],"11":[0,0],"12":[0,0],"13":[0,0],"14":[0,0],"15":[0,0]}}
,"/Users/Ricardino/hr-rpt01/TableCRM/client/src/components/Companies.jsx": {"path":"/Users/Ricardino/hr-rpt01/TableCRM/client/src/components/Companies.jsx","statementMap":{"0":{"start":{"line":1,"column":13},"end":{"line":1,"column":75}},"1":{"start":{"line":1,"column":94},"end":{"line":1,"column":623}},"2":{"start":{"line":1,"column":149},"end":{"line":1,"column":414}},"3":{"start":{"line":1,"column":206},"end":{"line":1,"column":214}},"4":{"start":{"line":1,"column":215},"end":{"line":1,"column":270}},"5":{"start":{"line":1,"column":270},"end":{"line":1,"column":301}},"6":{"start":{"line":1,"column":301},"end":{"line":1,"column":355}},"7":{"start":{"line":1,"column":328},"end":{"line":1,"column":355}},"8":{"start":{"line":1,"column":355},"end":{"line":1,"column":413}},"9":{"start":{"line":1,"column":415},"end":{"line":1,"column":620}},"10":{"start":{"line":1,"column":471},"end":{"line":1,"column":539}},"11":{"start":{"line":1,"column":487},"end":{"line":1,"column":539}},"12":{"start":{"line":1,"column":539},"end":{"line":1,"column":599}},"13":{"start":{"line":1,"column":556},"end":{"line":1,"column":599}},"14":{"start":{"line":1,"column":599},"end":{"line":1,"column":618}},"15":{"start":{"line":1,"column":637},"end":{"line":1,"column":653}},"16":{"start":{"line":1,"column":668},"end":{"line":1,"column":698}},"17":{"start":{"line":1,"column":737},"end":{"line":1,"column":791}},"18":{"start":{"line":1,"column":841},"end":{"line":1,"column":940}},"19":{"start":{"line":1,"column":882},"end":{"line":1,"column":939}},"20":{"start":{"line":1,"column":990},"end":{"line":1,"column":1089}},"21":{"start":{"line":1,"column":1002},"end":{"line":1,"column":1088}},"22":{"start":{"line":1,"column":1089},"end":{"line":1,"column":1175}},"23":{"start":{"line":1,"column":1218},"end":{"line":1,"column":1381}},"24":{"start":{"line":1,"column":1280},"end":{"line":1,"column":1380}},"25":{"start":{"line":1,"column":1381},"end":{"line":1,"column":1545}},"26":{"start":{"line":1,"column":1545},"end":{"line":1,"column":1663}},"27":{"start":{"line":1,"column":1561},"end":{"line":1,"column":1663}},"28":{"start":{"line":3,"column":12},"end":{"line":11,"column":55}},"29":{"start":{"line":3,"column":41},"end":{"line":3,"column":80}},"30":{"start":{"line":4,"column":29},"end":{"line":4,"column":62}},"31":{"start":{"line":4,"column":74},"end":{"line":5,"column":11}},"32":{"start":{"line":6,"column":4},"end":{"line":6,"column":21}},"33":{"start":{"line":6,"column":21},"end":{"line":6,"column":34}},"34":{"start":{"line":7,"column":3},"end":{"line":11,"column":10}},"35":{"start":{"line":10,"column":6},"end":{"line":10,"column":69}},"36":{"start":{"line":11,"column":10},"end":{"line":11,"column":27}},"37":{"start":{"line":11,"column":56},"end":{"line":13,"column":10}}},"fnMap":{"0":{"name":"(anonymous_0)","decl":{"start":{"line":1,"column":94},"end":{"line":1,"column":95}},"loc":{"start":{"line":1,"column":106},"end":{"line":1,"column":621}},"line":1},"1":{"name":"defineProperties","decl":{"start":{"line":1,"column":116},"end":{"line":1,"column":132}},"loc":{"start":{"line":1,"column":148},"end":{"line":1,"column":415}},"line":1},"2":{"name":"(anonymous_2)","decl":{"start":{"line":1,"column":422},"end":{"line":1,"column":423}},"loc":{"start":{"line":1,"column":470},"end":{"line":1,"column":619}},"line":1},"3":{"name":"_interopRequireDefault","decl":{"start":{"line":1,"column":708},"end":{"line":1,"column":730}},"loc":{"start":{"line":1,"column":736},"end":{"line":1,"column":792}},"line":1},"4":{"name":"_classCallCheck","decl":{"start":{"line":1,"column":801},"end":{"line":1,"column":816}},"loc":{"start":{"line":1,"column":840},"end":{"line":1,"column":941}},"line":1},"5":{"name":"_possibleConstructorReturn","decl":{"start":{"line":1,"column":950},"end":{"line":1,"column":976}},"loc":{"start":{"line":1,"column":989},"end":{"line":1,"column":1176}},"line":1},"6":{"name":"_inherits","decl":{"start":{"line":1,"column":1185},"end":{"line":1,"column":1194}},"loc":{"start":{"line":1,"column":1217},"end":{"line":1,"column":1664}},"line":1},"7":{"name":"(anonymous_7)","decl":{"start":{"line":3,"column":12},"end":{"line":3,"column":13}},"loc":{"start":{"line":3,"column":40},"end":{"line":11,"column":28}},"line":3},"8":{"name":"Companies","decl":{"start":{"line":4,"column":11},"end":{"line":4,"column":20}},"loc":{"start":{"line":4,"column":28},"end":{"line":7,"column":3}},"line":4},"9":{"name":"render","decl":{"start":{"line":7,"column":61},"end":{"line":7,"column":67}},"loc":{"start":{"line":9,"column":4},"end":{"line":11,"column":5}},"line":9}},"branchMap":{"0":{"loc":{"start":{"line":1,"column":239},"end":{"line":1,"column":269}},"type":"binary-expr","locations":[{"start":{"line":1,"column":239},"end":{"line":1,"column":260}},{"start":{"line":1,"column":264},"end":{"line":1,"column":269}}],"line":1},"1":{"loc":{"start":{"line":1,"column":301},"end":{"line":1,"column":355}},"type":"if","locations":[{"start":{"line":1,"column":301},"end":{"line":1,"column":355}},{"start":{"line":1,"column":301},"end":{"line":1,"column":355}}],"line":1},"2":{"loc":{"start":{"line":1,"column":471},"end":{"line":1,"column":539}},"type":"if","locations":[{"start":{"line":1,"column":471},"end":{"line":1,"column":539}},{"start":{"line":1,"column":471},"end":{"line":1,"column":539}}],"line":1},"3":{"loc":{"start":{"line":1,"column":539},"end":{"line":1,"column":599}},"type":"if","locations":[{"start":{"line":1,"column":539},"end":{"line":1,"column":599}},{"start":{"line":1,"column":539},"end":{"line":1,"column":599}}],"line":1},"4":{"loc":{"start":{"line":1,"column":744},"end":{"line":1,"column":790}},"type":"cond-expr","locations":[{"start":{"line":1,"column":768},"end":{"line":1,"column":771}},{"start":{"line":1,"column":774},"end":{"line":1,"column":790}}],"line":1},"5":{"loc":{"start":{"line":1,"column":744},"end":{"line":1,"column":765}},"type":"binary-expr","locations":[{"start":{"line":1,"column":744},"end":{"line":1,"column":747}},{"start":{"line":1,"column":751},"end":{"line":1,"column":765}}],"line":1},"6":{"loc":{"start":{"line":1,"column":841},"end":{"line":1,"column":940}},"type":"if","locations":[{"start":{"line":1,"column":841},"end":{"line":1,"column":940}},{"start":{"line":1,"column":841},"end":{"line":1,"column":940}}],"line":1},"7":{"loc":{"start":{"line":1,"column":990},"end":{"line":1,"column":1089}},"type":"if","locations":[{"start":{"line":1,"column":990},"end":{"line":1,"column":1089}},{"start":{"line":1,"column":990},"end":{"line":1,"column":1089}}],"line":1},"8":{"loc":{"start":{"line":1,"column":1096},"end":{"line":1,"column":1174}},"type":"cond-expr","locations":[{"start":{"line":1,"column":1163},"end":{"line":1,"column":1167}},{"start":{"line":1,"column":1170},"end":{"line":1,"column":1174}}],"line":1},"9":{"loc":{"start":{"line":1,"column":1096},"end":{"line":1,"column":1160}},"type":"binary-expr","locations":[{"start":{"line":1,"column":1096},"end":{"line":1,"column":1100}},{"start":{"line":1,"column":1105},"end":{"line":1,"column":1129}},{"start":{"line":1,"column":1133},"end":{"line":1,"column":1159}}],"line":1},"10":{"loc":{"start":{"line":1,"column":1218},"end":{"line":1,"column":1381}},"type":"if","locations":[{"start":{"line":1,"column":1218},"end":{"line":1,"column":1381}},{"start":{"line":1,"column":1218},"end":{"line":1,"column":1381}}],"line":1},"11":{"loc":{"start":{"line":1,"column":1222},"end":{"line":1,"column":1277}},"type":"binary-expr","locations":[{"start":{"line":1,"column":1222},"end":{"line":1,"column":1254}},{"start":{"line":1,"column":1258},"end":{"line":1,"column":1277}}],"line":1},"12":{"loc":{"start":{"line":1,"column":1416},"end":{"line":1,"column":1450}},"type":"binary-expr","locations":[{"start":{"line":1,"column":1416},"end":{"line":1,"column":1426}},{"start":{"line":1,"column":1430},"end":{"line":1,"column":1450}}],"line":1},"13":{"loc":{"start":{"line":1,"column":1545},"end":{"line":1,"column":1663}},"type":"if","locations":[{"start":{"line":1,"column":1545},"end":{"line":1,"column":1663}},{"start":{"line":1,"column":1545},"end":{"line":1,"column":1663}}],"line":1},"14":{"loc":{"start":{"line":1,"column":1561},"end":{"line":1,"column":1662}},"type":"cond-expr","locations":[{"start":{"line":1,"column":1585},"end":{"line":1,"column":1628}},{"start":{"line":1,"column":1631},"end":{"line":1,"column":1662}}],"line":1},"15":{"loc":{"start":{"line":4,"column":108},"end":{"line":4,"column":163}},"type":"binary-expr","locations":[{"start":{"line":4,"column":108},"end":{"line":4,"column":127}},{"start":{"line":4,"column":131},"end":{"line":4,"column":163}}],"line":4}},"s":{"0":0,"1":0,"2":0,"3":0,"4":0,"5":0,"6":0,"7":0,"8":0,"9":0,"10":0,"11":0,"12":0,"13":0,"14":0,"15":0,"16":0,"17":0,"18":0,"19":0,"20":0,"21":0,"22":0,"23":0,"24":0,"25":0,"26":0,"27":0,"28":0,"29":0,"30":0,"31":0,"32":0,"33":0,"34":0,"35":0,"36":0,"37":0},"f":{"0":0,"1":0,"2":0,"3":0,"4":0,"5":0,"6":0,"7":0,"8":0,"9":0},"b":{"0":[0,0],"1":[0,0],"2":[0,0],"3":[0,0],"4":[0,0],"5":[0,0],"6":[0,0],"7":[0,0],"8":[0,0],"9":[0,0,0],"10":[0,0],"11":[0,0],"12":[0,0],"13":[0,0],"14":[0,0],"15":[0,0]}}
,"/Users/Ricardino/hr-rpt01/TableCRM/client/src/components/Dashboard.jsx": {"path":"/Users/Ricardino/hr-rpt01/TableCRM/client/src/components/Dashboard.jsx","statementMap":{"0":{"start":{"line":1,"column":13},"end":{"line":1,"column":75}},"1":{"start":{"line":1,"column":94},"end":{"line":1,"column":623}},"2":{"start":{"line":1,"column":149},"end":{"line":1,"column":414}},"3":{"start":{"line":1,"column":206},"end":{"line":1,"column":214}},"4":{"start":{"line":1,"column":215},"end":{"line":1,"column":270}},"5":{"start":{"line":1,"column":270},"end":{"line":1,"column":301}},"6":{"start":{"line":1,"column":301},"end":{"line":1,"column":355}},"7":{"start":{"line":1,"column":328},"end":{"line":1,"column":355}},"8":{"start":{"line":1,"column":355},"end":{"line":1,"column":413}},"9":{"start":{"line":1,"column":415},"end":{"line":1,"column":620}},"10":{"start":{"line":1,"column":471},"end":{"line":1,"column":539}},"11":{"start":{"line":1,"column":487},"end":{"line":1,"column":539}},"12":{"start":{"line":1,"column":539},"end":{"line":1,"column":599}},"13":{"start":{"line":1,"column":556},"end":{"line":1,"column":599}},"14":{"start":{"line":1,"column":599},"end":{"line":1,"column":618}},"15":{"start":{"line":1,"column":637},"end":{"line":1,"column":653}},"16":{"start":{"line":1,"column":668},"end":{"line":1,"column":698}},"17":{"start":{"line":1,"column":737},"end":{"line":1,"column":791}},"18":{"start":{"line":1,"column":841},"end":{"line":1,"column":940}},"19":{"start":{"line":1,"column":882},"end":{"line":1,"column":939}},"20":{"start":{"line":1,"column":990},"end":{"line":1,"column":1089}},"21":{"start":{"line":1,"column":1002},"end":{"line":1,"column":1088}},"22":{"start":{"line":1,"column":1089},"end":{"line":1,"column":1175}},"23":{"start":{"line":1,"column":1218},"end":{"line":1,"column":1381}},"24":{"start":{"line":1,"column":1280},"end":{"line":1,"column":1380}},"25":{"start":{"line":1,"column":1381},"end":{"line":1,"column":1545}},"26":{"start":{"line":1,"column":1545},"end":{"line":1,"column":1663}},"27":{"start":{"line":1,"column":1561},"end":{"line":1,"column":1663}},"28":{"start":{"line":3,"column":12},"end":{"line":11,"column":55}},"29":{"start":{"line":3,"column":41},"end":{"line":3,"column":80}},"30":{"start":{"line":4,"column":29},"end":{"line":4,"column":62}},"31":{"start":{"line":4,"column":74},"end":{"line":5,"column":11}},"32":{"start":{"line":6,"column":4},"end":{"line":6,"column":21}},"33":{"start":{"line":6,"column":21},"end":{"line":6,"column":34}},"34":{"start":{"line":7,"column":3},"end":{"line":11,"column":10}},"35":{"start":{"line":10,"column":6},"end":{"line":10,"column":69}},"36":{"start":{"line":11,"column":10},"end":{"line":11,"column":27}},"37":{"start":{"line":11,"column":56},"end":{"line":13,"column":10}}},"fnMap":{"0":{"name":"(anonymous_0)","decl":{"start":{"line":1,"column":94},"end":{"line":1,"column":95}},"loc":{"start":{"line":1,"column":106},"end":{"line":1,"column":621}},"line":1},"1":{"name":"defineProperties","decl":{"start":{"line":1,"column":116},"end":{"line":1,"column":132}},"loc":{"start":{"line":1,"column":148},"end":{"line":1,"column":415}},"line":1},"2":{"name":"(anonymous_2)","decl":{"start":{"line":1,"column":422},"end":{"line":1,"column":423}},"loc":{"start":{"line":1,"column":470},"end":{"line":1,"column":619}},"line":1},"3":{"name":"_interopRequireDefault","decl":{"start":{"line":1,"column":708},"end":{"line":1,"column":730}},"loc":{"start":{"line":1,"column":736},"end":{"line":1,"column":792}},"line":1},"4":{"name":"_classCallCheck","decl":{"start":{"line":1,"column":801},"end":{"line":1,"column":816}},"loc":{"start":{"line":1,"column":840},"end":{"line":1,"column":941}},"line":1},"5":{"name":"_possibleConstructorReturn","decl":{"start":{"line":1,"column":950},"end":{"line":1,"column":976}},"loc":{"start":{"line":1,"column":989},"end":{"line":1,"column":1176}},"line":1},"6":{"name":"_inherits","decl":{"start":{"line":1,"column":1185},"end":{"line":1,"column":1194}},"loc":{"start":{"line":1,"column":1217},"end":{"line":1,"column":1664}},"line":1},"7":{"name":"(anonymous_7)","decl":{"start":{"line":3,"column":12},"end":{"line":3,"column":13}},"loc":{"start":{"line":3,"column":40},"end":{"line":11,"column":28}},"line":3},"8":{"name":"Dashboard","decl":{"start":{"line":4,"column":11},"end":{"line":4,"column":20}},"loc":{"start":{"line":4,"column":28},"end":{"line":7,"column":3}},"line":4},"9":{"name":"render","decl":{"start":{"line":7,"column":61},"end":{"line":7,"column":67}},"loc":{"start":{"line":9,"column":4},"end":{"line":11,"column":5}},"line":9}},"branchMap":{"0":{"loc":{"start":{"line":1,"column":239},"end":{"line":1,"column":269}},"type":"binary-expr","locations":[{"start":{"line":1,"column":239},"end":{"line":1,"column":260}},{"start":{"line":1,"column":264},"end":{"line":1,"column":269}}],"line":1},"1":{"loc":{"start":{"line":1,"column":301},"end":{"line":1,"column":355}},"type":"if","locations":[{"start":{"line":1,"column":301},"end":{"line":1,"column":355}},{"start":{"line":1,"column":301},"end":{"line":1,"column":355}}],"line":1},"2":{"loc":{"start":{"line":1,"column":471},"end":{"line":1,"column":539}},"type":"if","locations":[{"start":{"line":1,"column":471},"end":{"line":1,"column":539}},{"start":{"line":1,"column":471},"end":{"line":1,"column":539}}],"line":1},"3":{"loc":{"start":{"line":1,"column":539},"end":{"line":1,"column":599}},"type":"if","locations":[{"start":{"line":1,"column":539},"end":{"line":1,"column":599}},{"start":{"line":1,"column":539},"end":{"line":1,"column":599}}],"line":1},"4":{"loc":{"start":{"line":1,"column":744},"end":{"line":1,"column":790}},"type":"cond-expr","locations":[{"start":{"line":1,"column":768},"end":{"line":1,"column":771}},{"start":{"line":1,"column":774},"end":{"line":1,"column":790}}],"line":1},"5":{"loc":{"start":{"line":1,"column":744},"end":{"line":1,"column":765}},"type":"binary-expr","locations":[{"start":{"line":1,"column":744},"end":{"line":1,"column":747}},{"start":{"line":1,"column":751},"end":{"line":1,"column":765}}],"line":1},"6":{"loc":{"start":{"line":1,"column":841},"end":{"line":1,"column":940}},"type":"if","locations":[{"start":{"line":1,"column":841},"end":{"line":1,"column":940}},{"start":{"line":1,"column":841},"end":{"line":1,"column":940}}],"line":1},"7":{"loc":{"start":{"line":1,"column":990},"end":{"line":1,"column":1089}},"type":"if","locations":[{"start":{"line":1,"column":990},"end":{"line":1,"column":1089}},{"start":{"line":1,"column":990},"end":{"line":1,"column":1089}}],"line":1},"8":{"loc":{"start":{"line":1,"column":1096},"end":{"line":1,"column":1174}},"type":"cond-expr","locations":[{"start":{"line":1,"column":1163},"end":{"line":1,"column":1167}},{"start":{"line":1,"column":1170},"end":{"line":1,"column":1174}}],"line":1},"9":{"loc":{"start":{"line":1,"column":1096},"end":{"line":1,"column":1160}},"type":"binary-expr","locations":[{"start":{"line":1,"column":1096},"end":{"line":1,"column":1100}},{"start":{"line":1,"column":1105},"end":{"line":1,"column":1129}},{"start":{"line":1,"column":1133},"end":{"line":1,"column":1159}}],"line":1},"10":{"loc":{"start":{"line":1,"column":1218},"end":{"line":1,"column":1381}},"type":"if","locations":[{"start":{"line":1,"column":1218},"end":{"line":1,"column":1381}},{"start":{"line":1,"column":1218},"end":{"line":1,"column":1381}}],"line":1},"11":{"loc":{"start":{"line":1,"column":1222},"end":{"line":1,"column":1277}},"type":"binary-expr","locations":[{"start":{"line":1,"column":1222},"end":{"line":1,"column":1254}},{"start":{"line":1,"column":1258},"end":{"line":1,"column":1277}}],"line":1},"12":{"loc":{"start":{"line":1,"column":1416},"end":{"line":1,"column":1450}},"type":"binary-expr","locations":[{"start":{"line":1,"column":1416},"end":{"line":1,"column":1426}},{"start":{"line":1,"column":1430},"end":{"line":1,"column":1450}}],"line":1},"13":{"loc":{"start":{"line":1,"column":1545},"end":{"line":1,"column":1663}},"type":"if","locations":[{"start":{"line":1,"column":1545},"end":{"line":1,"column":1663}},{"start":{"line":1,"column":1545},"end":{"line":1,"column":1663}}],"line":1},"14":{"loc":{"start":{"line":1,"column":1561},"end":{"line":1,"column":1662}},"type":"cond-expr","locations":[{"start":{"line":1,"column":1585},"end":{"line":1,"column":1628}},{"start":{"line":1,"column":1631},"end":{"line":1,"column":1662}}],"line":1},"15":{"loc":{"start":{"line":4,"column":108},"end":{"line":4,"column":163}},"type":"binary-expr","locations":[{"start":{"line":4,"column":108},"end":{"line":4,"column":127}},{"start":{"line":4,"column":131},"end":{"line":4,"column":163}}],"line":4}},"s":{"0":0,"1":0,"2":0,"3":0,"4":0,"5":0,"6":0,"7":0,"8":0,"9":0,"10":0,"11":0,"12":0,"13":0,"14":0,"15":0,"16":0,"17":0,"18":0,"19":0,"20":0,"21":0,"22":0,"23":0,"24":0,"25":0,"26":0,"27":0,"28":0,"29":0,"30":0,"31":0,"32":0,"33":0,"34":0,"35":0,"36":0,"37":0},"f":{"0":0,"1":0,"2":0,"3":0,"4":0,"5":0,"6":0,"7":0,"8":0,"9":0},"b":{"0":[0,0],"1":[0,0],"2":[0,0],"3":[0,0],"4":[0,0],"5":[0,0],"6":[0,0],"7":[0,0],"8":[0,0],"9":[0,0,0],"10":[0,0],"11":[0,0],"12":[0,0],"13":[0,0],"14":[0,0],"15":[0,0]}}
,"/Users/Ricardino/hr-rpt01/TableCRM/client/src/components/People.jsx": {"path":"/Users/Ricardino/hr-rpt01/TableCRM/client/src/components/People.jsx","statementMap":{"0":{"start":{"line":1,"column":13},"end":{"line":1,"column":75}},"1":{"start":{"line":1,"column":94},"end":{"line":1,"column":623}},"2":{"start":{"line":1,"column":149},"end":{"line":1,"column":414}},"3":{"start":{"line":1,"column":206},"end":{"line":1,"column":214}},"4":{"start":{"line":1,"column":215},"end":{"line":1,"column":270}},"5":{"start":{"line":1,"column":270},"end":{"line":1,"column":301}},"6":{"start":{"line":1,"column":301},"end":{"line":1,"column":355}},"7":{"start":{"line":1,"column":328},"end":{"line":1,"column":355}},"8":{"start":{"line":1,"column":355},"end":{"line":1,"column":413}},"9":{"start":{"line":1,"column":415},"end":{"line":1,"column":620}},"10":{"start":{"line":1,"column":471},"end":{"line":1,"column":539}},"11":{"start":{"line":1,"column":487},"end":{"line":1,"column":539}},"12":{"start":{"line":1,"column":539},"end":{"line":1,"column":599}},"13":{"start":{"line":1,"column":556},"end":{"line":1,"column":599}},"14":{"start":{"line":1,"column":599},"end":{"line":1,"column":618}},"15":{"start":{"line":1,"column":637},"end":{"line":1,"column":653}},"16":{"start":{"line":1,"column":668},"end":{"line":1,"column":698}},"17":{"start":{"line":1,"column":737},"end":{"line":1,"column":791}},"18":{"start":{"line":1,"column":841},"end":{"line":1,"column":940}},"19":{"start":{"line":1,"column":882},"end":{"line":1,"column":939}},"20":{"start":{"line":1,"column":990},"end":{"line":1,"column":1089}},"21":{"start":{"line":1,"column":1002},"end":{"line":1,"column":1088}},"22":{"start":{"line":1,"column":1089},"end":{"line":1,"column":1175}},"23":{"start":{"line":1,"column":1218},"end":{"line":1,"column":1381}},"24":{"start":{"line":1,"column":1280},"end":{"line":1,"column":1380}},"25":{"start":{"line":1,"column":1381},"end":{"line":1,"column":1545}},"26":{"start":{"line":1,"column":1545},"end":{"line":1,"column":1663}},"27":{"start":{"line":1,"column":1561},"end":{"line":1,"column":1663}},"28":{"start":{"line":3,"column":9},"end":{"line":11,"column":52}},"29":{"start":{"line":3,"column":38},"end":{"line":3,"column":74}},"30":{"start":{"line":4,"column":26},"end":{"line":4,"column":56}},"31":{"start":{"line":4,"column":68},"end":{"line":5,"column":11}},"32":{"start":{"line":6,"column":4},"end":{"line":6,"column":21}},"33":{"start":{"line":6,"column":21},"end":{"line":6,"column":34}},"34":{"start":{"line":7,"column":3},"end":{"line":11,"column":10}},"35":{"start":{"line":10,"column":6},"end":{"line":10,"column":66}},"36":{"start":{"line":11,"column":10},"end":{"line":11,"column":24}},"37":{"start":{"line":11,"column":53},"end":{"line":13,"column":7}}},"fnMap":{"0":{"name":"(anonymous_0)","decl":{"start":{"line":1,"column":94},"end":{"line":1,"column":95}},"loc":{"start":{"line":1,"column":106},"end":{"line":1,"column":621}},"line":1},"1":{"name":"defineProperties","decl":{"start":{"line":1,"column":116},"end":{"line":1,"column":132}},"loc":{"start":{"line":1,"column":148},"end":{"line":1,"column":415}},"line":1},"2":{"name":"(anonymous_2)","decl":{"start":{"line":1,"column":422},"end":{"line":1,"column":423}},"loc":{"start":{"line":1,"column":470},"end":{"line":1,"column":619}},"line":1},"3":{"name":"_interopRequireDefault","decl":{"start":{"line":1,"column":708},"end":{"line":1,"column":730}},"loc":{"start":{"line":1,"column":736},"end":{"line":1,"column":792}},"line":1},"4":{"name":"_classCallCheck","decl":{"start":{"line":1,"column":801},"end":{"line":1,"column":816}},"loc":{"start":{"line":1,"column":840},"end":{"line":1,"column":941}},"line":1},"5":{"name":"_possibleConstructorReturn","decl":{"start":{"line":1,"column":950},"end":{"line":1,"column":976}},"loc":{"start":{"line":1,"column":989},"end":{"line":1,"column":1176}},"line":1},"6":{"name":"_inherits","decl":{"start":{"line":1,"column":1185},"end":{"line":1,"column":1194}},"loc":{"start":{"line":1,"column":1217},"end":{"line":1,"column":1664}},"line":1},"7":{"name":"(anonymous_7)","decl":{"start":{"line":3,"column":9},"end":{"line":3,"column":10}},"loc":{"start":{"line":3,"column":37},"end":{"line":11,"column":25}},"line":3},"8":{"name":"People","decl":{"start":{"line":4,"column":11},"end":{"line":4,"column":17}},"loc":{"start":{"line":4,"column":25},"end":{"line":7,"column":3}},"line":4},"9":{"name":"render","decl":{"start":{"line":7,"column":58},"end":{"line":7,"column":64}},"loc":{"start":{"line":9,"column":4},"end":{"line":11,"column":5}},"line":9}},"branchMap":{"0":{"loc":{"start":{"line":1,"column":239},"end":{"line":1,"column":269}},"type":"binary-expr","locations":[{"start":{"line":1,"column":239},"end":{"line":1,"column":260}},{"start":{"line":1,"column":264},"end":{"line":1,"column":269}}],"line":1},"1":{"loc":{"start":{"line":1,"column":301},"end":{"line":1,"column":355}},"type":"if","locations":[{"start":{"line":1,"column":301},"end":{"line":1,"column":355}},{"start":{"line":1,"column":301},"end":{"line":1,"column":355}}],"line":1},"2":{"loc":{"start":{"line":1,"column":471},"end":{"line":1,"column":539}},"type":"if","locations":[{"start":{"line":1,"column":471},"end":{"line":1,"column":539}},{"start":{"line":1,"column":471},"end":{"line":1,"column":539}}],"line":1},"3":{"loc":{"start":{"line":1,"column":539},"end":{"line":1,"column":599}},"type":"if","locations":[{"start":{"line":1,"column":539},"end":{"line":1,"column":599}},{"start":{"line":1,"column":539},"end":{"line":1,"column":599}}],"line":1},"4":{"loc":{"start":{"line":1,"column":744},"end":{"line":1,"column":790}},"type":"cond-expr","locations":[{"start":{"line":1,"column":768},"end":{"line":1,"column":771}},{"start":{"line":1,"column":774},"end":{"line":1,"column":790}}],"line":1},"5":{"loc":{"start":{"line":1,"column":744},"end":{"line":1,"column":765}},"type":"binary-expr","locations":[{"start":{"line":1,"column":744},"end":{"line":1,"column":747}},{"start":{"line":1,"column":751},"end":{"line":1,"column":765}}],"line":1},"6":{"loc":{"start":{"line":1,"column":841},"end":{"line":1,"column":940}},"type":"if","locations":[{"start":{"line":1,"column":841},"end":{"line":1,"column":940}},{"start":{"line":1,"column":841},"end":{"line":1,"column":940}}],"line":1},"7":{"loc":{"start":{"line":1,"column":990},"end":{"line":1,"column":1089}},"type":"if","locations":[{"start":{"line":1,"column":990},"end":{"line":1,"column":1089}},{"start":{"line":1,"column":990},"end":{"line":1,"column":1089}}],"line":1},"8":{"loc":{"start":{"line":1,"column":1096},"end":{"line":1,"column":1174}},"type":"cond-expr","locations":[{"start":{"line":1,"column":1163},"end":{"line":1,"column":1167}},{"start":{"line":1,"column":1170},"end":{"line":1,"column":1174}}],"line":1},"9":{"loc":{"start":{"line":1,"column":1096},"end":{"line":1,"column":1160}},"type":"binary-expr","locations":[{"start":{"line":1,"column":1096},"end":{"line":1,"column":1100}},{"start":{"line":1,"column":1105},"end":{"line":1,"column":1129}},{"start":{"line":1,"column":1133},"end":{"line":1,"column":1159}}],"line":1},"10":{"loc":{"start":{"line":1,"column":1218},"end":{"line":1,"column":1381}},"type":"if","locations":[{"start":{"line":1,"column":1218},"end":{"line":1,"column":1381}},{"start":{"line":1,"column":1218},"end":{"line":1,"column":1381}}],"line":1},"11":{"loc":{"start":{"line":1,"column":1222},"end":{"line":1,"column":1277}},"type":"binary-expr","locations":[{"start":{"line":1,"column":1222},"end":{"line":1,"column":1254}},{"start":{"line":1,"column":1258},"end":{"line":1,"column":1277}}],"line":1},"12":{"loc":{"start":{"line":1,"column":1416},"end":{"line":1,"column":1450}},"type":"binary-expr","locations":[{"start":{"line":1,"column":1416},"end":{"line":1,"column":1426}},{"start":{"line":1,"column":1430},"end":{"line":1,"column":1450}}],"line":1},"13":{"loc":{"start":{"line":1,"column":1545},"end":{"line":1,"column":1663}},"type":"if","locations":[{"start":{"line":1,"column":1545},"end":{"line":1,"column":1663}},{"start":{"line":1,"column":1545},"end":{"line":1,"column":1663}}],"line":1},"14":{"loc":{"start":{"line":1,"column":1561},"end":{"line":1,"column":1662}},"type":"cond-expr","locations":[{"start":{"line":1,"column":1585},"end":{"line":1,"column":1628}},{"start":{"line":1,"column":1631},"end":{"line":1,"column":1662}}],"line":1},"15":{"loc":{"start":{"line":4,"column":102},"end":{"line":4,"column":151}},"type":"binary-expr","locations":[{"start":{"line":4,"column":102},"end":{"line":4,"column":118}},{"start":{"line":4,"column":122},"end":{"line":4,"column":151}}],"line":4}},"s":{"0":0,"1":0,"2":0,"3":0,"4":0,"5":0,"6":0,"7":0,"8":0,"9":0,"10":0,"11":0,"12":0,"13":0,"14":0,"15":0,"16":0,"17":0,"18":0,"19":0,"20":0,"21":0,"22":0,"23":0,"24":0,"25":0,"26":0,"27":0,"28":0,"29":0,"30":0,"31":0,"32":0,"33":0,"34":0,"35":0,"36":0,"37":0},"f":{"0":0,"1":0,"2":0,"3":0,"4":0,"5":0,"6":0,"7":0,"8":0,"9":0},"b":{"0":[0,0],"1":[0,0],"2":[0,0],"3":[0,0],"4":[0,0],"5":[0,0],"6":[0,0],"7":[0,0],"8":[0,0],"9":[0,0,0],"10":[0,0],"11":[0,0],"12":[0,0],"13":[0,0],"14":[0,0],"15":[0,0]}}
,"/Users/Ricardino/hr-rpt01/TableCRM/client/src/container/Accounts.jsx": {"path":"/Users/Ricardino/hr-rpt01/TableCRM/client/src/container/Accounts.jsx","statementMap":{"0":{"start":{"line":1,"column":13},"end":{"line":1,"column":75}},"1":{"start":{"line":1,"column":94},"end":{"line":1,"column":623}},"2":{"start":{"line":1,"column":149},"end":{"line":1,"column":414}},"3":{"start":{"line":1,"column":206},"end":{"line":1,"column":214}},"4":{"start":{"line":1,"column":215},"end":{"line":1,"column":270}},"5":{"start":{"line":1,"column":270},"end":{"line":1,"column":301}},"6":{"start":{"line":1,"column":301},"end":{"line":1,"column":355}},"7":{"start":{"line":1,"column":328},"end":{"line":1,"column":355}},"8":{"start":{"line":1,"column":355},"end":{"line":1,"column":413}},"9":{"start":{"line":1,"column":415},"end":{"line":1,"column":620}},"10":{"start":{"line":1,"column":471},"end":{"line":1,"column":539}},"11":{"start":{"line":1,"column":487},"end":{"line":1,"column":539}},"12":{"start":{"line":1,"column":539},"end":{"line":1,"column":599}},"13":{"start":{"line":1,"column":556},"end":{"line":1,"column":599}},"14":{"start":{"line":1,"column":599},"end":{"line":1,"column":618}},"15":{"start":{"line":19,"column":0},"end":{"line":19,"column":54}},"16":{"start":{"line":20,"column":0},"end":{"line":20,"column":55}},"17":{"start":{"line":21,"column":25},"end":{"line":21,"column":54}},"18":{"start":{"line":21,"column":81},"end":{"line":21,"column":123}},"19":{"start":{"line":23,"column":13},"end":{"line":23,"column":29}},"20":{"start":{"line":23,"column":44},"end":{"line":23,"column":74}},"21":{"start":{"line":24,"column":18},"end":{"line":24,"column":40}},"22":{"start":{"line":26,"column":23},"end":{"line":26,"column":60}},"23":{"start":{"line":26,"column":99},"end":{"line":26,"column":153}},"24":{"start":{"line":26,"column":203},"end":{"line":26,"column":302}},"25":{"start":{"line":26,"column":244},"end":{"line":26,"column":301}},"26":{"start":{"line":26,"column":352},"end":{"line":26,"column":451}},"27":{"start":{"line":26,"column":364},"end":{"line":26,"column":450}},"28":{"start":{"line":26,"column":451},"end":{"line":26,"column":537}},"29":{"start":{"line":26,"column":580},"end":{"line":26,"column":743}},"30":{"start":{"line":26,"column":642},"end":{"line":26,"column":742}},"31":{"start":{"line":26,"column":743},"end":{"line":26,"column":907}},"32":{"start":{"line":26,"column":907},"end":{"line":26,"column":1025}},"33":{"start":{"line":26,"column":923},"end":{"line":26,"column":1025}},"34":{"start":{"line":43,"column":1044},"end":{"line":122,"column":54}},"35":{"start":{"line":43,"column":1073},"end":{"line":43,"column":1111}},"36":{"start":{"line":43,"column":1137},"end":{"line":43,"column":1169}},"37":{"start":{"line":43,"column":1181},"end":{"line":43,"column":1288}},"38":{"start":{"line":43,"column":1289},"end":{"line":43,"column":1306}},"39":{"start":{"line":43,"column":1306},"end":{"line":43,"column":1319}},"40":{"start":{"line":43,"column":1320},"end":{"line":122,"column":10}},"41":{"start":{"line":43,"column":1409},"end":{"line":43,"column":1445}},"42":{"start":{"line":43,"column":1445},"end":{"line":43,"column":1498}},"43":{"start":{"line":43,"column":1559},"end":{"line":43,"column":1563}},"44":{"start":{"line":43,"column":1564},"end":{"line":115,"column":23}},"45":{"start":{"line":105,"column":16},"end":{"line":105,"column":115}},"46":{"start":{"line":108,"column":16},"end":{"line":108,"column":104}},"47":{"start":{"line":111,"column":16},"end":{"line":111,"column":82}},"48":{"start":{"line":114,"column":16},"end":{"line":114,"column":83}},"49":{"start":{"line":122,"column":10},"end":{"line":122,"column":26}},"50":{"start":{"line":144,"column":22},"end":{"line":145,"column":48}},"51":{"start":{"line":144,"column":55},"end":{"line":145,"column":47}},"52":{"start":{"line":156,"column":52},"end":{"line":157,"column":58}}},"fnMap":{"0":{"name":"(anonymous_0)","decl":{"start":{"line":1,"column":94},"end":{"line":1,"column":95}},"loc":{"start":{"line":1,"column":106},"end":{"line":1,"column":621}},"line":1},"1":{"name":"defineProperties","decl":{"start":{"line":1,"column":116},"end":{"line":1,"column":132}},"loc":{"start":{"line":1,"column":148},"end":{"line":1,"column":415}},"line":1},"2":{"name":"(anonymous_2)","decl":{"start":{"line":1,"column":422},"end":{"line":1,"column":423}},"loc":{"start":{"line":1,"column":470},"end":{"line":1,"column":619}},"line":1},"3":{"name":"_interopRequireDefault","decl":{"start":{"line":26,"column":70},"end":{"line":26,"column":92}},"loc":{"start":{"line":26,"column":98},"end":{"line":26,"column":154}},"line":26},"4":{"name":"_classCallCheck","decl":{"start":{"line":26,"column":163},"end":{"line":26,"column":178}},"loc":{"start":{"line":26,"column":202},"end":{"line":26,"column":303}},"line":26},"5":{"name":"_possibleConstructorReturn","decl":{"start":{"line":26,"column":312},"end":{"line":26,"column":338}},"loc":{"start":{"line":26,"column":351},"end":{"line":26,"column":538}},"line":26},"6":{"name":"_inherits","decl":{"start":{"line":26,"column":547},"end":{"line":26,"column":556}},"loc":{"start":{"line":26,"column":579},"end":{"line":26,"column":1026}},"line":26},"7":{"name":"(anonymous_7)","decl":{"start":{"line":43,"column":1044},"end":{"line":43,"column":1045}},"loc":{"start":{"line":43,"column":1072},"end":{"line":122,"column":27}},"line":43},"8":{"name":"Accounts","decl":{"start":{"line":43,"column":1120},"end":{"line":43,"column":1128}},"loc":{"start":{"line":43,"column":1136},"end":{"line":43,"column":1320}},"line":43},"9":{"name":"componentDidMount","decl":{"start":{"line":43,"column":1388},"end":{"line":43,"column":1405}},"loc":{"start":{"line":43,"column":1408},"end":{"line":43,"column":1499}},"line":43},"10":{"name":"render","decl":{"start":{"line":43,"column":1536},"end":{"line":43,"column":1542}},"loc":{"start":{"line":43,"column":1545},"end":{"line":122,"column":5}},"line":43},"11":{"name":"afterChange","decl":{"start":{"line":103,"column":36},"end":{"line":103,"column":47}},"loc":{"start":{"line":103,"column":65},"end":{"line":106,"column":15}},"line":103},"12":{"name":"beforeRemoveRow","decl":{"start":{"line":107,"column":40},"end":{"line":107,"column":55}},"loc":{"start":{"line":107,"column":71},"end":{"line":109,"column":15}},"line":107},"13":{"name":"afterCopy","decl":{"start":{"line":110,"column":34},"end":{"line":110,"column":43}},"loc":{"start":{"line":110,"column":59},"end":{"line":112,"column":15}},"line":110},"14":{"name":"afterPaste","decl":{"start":{"line":113,"column":35},"end":{"line":113,"column":45}},"loc":{"start":{"line":113,"column":61},"end":{"line":115,"column":15}},"line":113},"15":{"name":"mapStateToProps","decl":{"start":{"line":144,"column":31},"end":{"line":144,"column":46}},"loc":{"start":{"line":144,"column":54},"end":{"line":145,"column":48}},"line":144}},"branchMap":{"0":{"loc":{"start":{"line":1,"column":239},"end":{"line":1,"column":269}},"type":"binary-expr","locations":[{"start":{"line":1,"column":239},"end":{"line":1,"column":260}},{"start":{"line":1,"column":264},"end":{"line":1,"column":269}}],"line":1},"1":{"loc":{"start":{"line":1,"column":301},"end":{"line":1,"column":355}},"type":"if","locations":[{"start":{"line":1,"column":301},"end":{"line":1,"column":355}},{"start":{"line":1,"column":301},"end":{"line":1,"column":355}}],"line":1},"2":{"loc":{"start":{"line":1,"column":471},"end":{"line":1,"column":539}},"type":"if","locations":[{"start":{"line":1,"column":471},"end":{"line":1,"column":539}},{"start":{"line":1,"column":471},"end":{"line":1,"column":539}}],"line":1},"3":{"loc":{"start":{"line":1,"column":539},"end":{"line":1,"column":599}},"type":"if","locations":[{"start":{"line":1,"column":539},"end":{"line":1,"column":599}},{"start":{"line":1,"column":539},"end":{"line":1,"column":599}}],"line":1},"4":{"loc":{"start":{"line":26,"column":106},"end":{"line":26,"column":152}},"type":"cond-expr","locations":[{"start":{"line":26,"column":130},"end":{"line":26,"column":133}},{"start":{"line":26,"column":136},"end":{"line":26,"column":152}}],"line":26},"5":{"loc":{"start":{"line":26,"column":106},"end":{"line":26,"column":127}},"type":"binary-expr","locations":[{"start":{"line":26,"column":106},"end":{"line":26,"column":109}},{"start":{"line":26,"column":113},"end":{"line":26,"column":127}}],"line":26},"6":{"loc":{"start":{"line":26,"column":203},"end":{"line":26,"column":302}},"type":"if","locations":[{"start":{"line":26,"column":203},"end":{"line":26,"column":302}},{"start":{"line":26,"column":203},"end":{"line":26,"column":302}}],"line":26},"7":{"loc":{"start":{"line":26,"column":352},"end":{"line":26,"column":451}},"type":"if","locations":[{"start":{"line":26,"column":352},"end":{"line":26,"column":451}},{"start":{"line":26,"column":352},"end":{"line":26,"column":451}}],"line":26},"8":{"loc":{"start":{"line":26,"column":458},"end":{"line":26,"column":536}},"type":"cond-expr","locations":[{"start":{"line":26,"column":525},"end":{"line":26,"column":529}},{"start":{"line":26,"column":532},"end":{"line":26,"column":536}}],"line":26},"9":{"loc":{"start":{"line":26,"column":458},"end":{"line":26,"column":522}},"type":"binary-expr","locations":[{"start":{"line":26,"column":458},"end":{"line":26,"column":462}},{"start":{"line":26,"column":467},"end":{"line":26,"column":491}},{"start":{"line":26,"column":495},"end":{"line":26,"column":521}}],"line":26},"10":{"loc":{"start":{"line":26,"column":580},"end":{"line":26,"column":743}},"type":"if","locations":[{"start":{"line":26,"column":580},"end":{"line":26,"column":743}},{"start":{"line":26,"column":580},"end":{"line":26,"column":743}}],"line":26},"11":{"loc":{"start":{"line":26,"column":584},"end":{"line":26,"column":639}},"type":"binary-expr","locations":[{"start":{"line":26,"column":584},"end":{"line":26,"column":616}},{"start":{"line":26,"column":620},"end":{"line":26,"column":639}}],"line":26},"12":{"loc":{"start":{"line":26,"column":778},"end":{"line":26,"column":812}},"type":"binary-expr","locations":[{"start":{"line":26,"column":778},"end":{"line":26,"column":788}},{"start":{"line":26,"column":792},"end":{"line":26,"column":812}}],"line":26},"13":{"loc":{"start":{"line":26,"column":907},"end":{"line":26,"column":1025}},"type":"if","locations":[{"start":{"line":26,"column":907},"end":{"line":26,"column":1025}},{"start":{"line":26,"column":907},"end":{"line":26,"column":1025}}],"line":26},"14":{"loc":{"start":{"line":26,"column":923},"end":{"line":26,"column":1024}},"type":"cond-expr","locations":[{"start":{"line":26,"column":947},"end":{"line":26,"column":990}},{"start":{"line":26,"column":993},"end":{"line":26,"column":1024}}],"line":26},"15":{"loc":{"start":{"line":
[...]
rt":{"line":20,"column":6},"end":{"line":20,"column":103}},"type":"if","locations":[{"start":{"line":20,"column":6},"end":{"line":20,"column":103}},{"start":{"line":20,"column":6},"end":{"line":20,"column":103}}],"line":20},"4":{"loc":{"start":{"line":25,"column":6},"end":{"line":30,"column":7}},"type":"if","locations":[{"start":{"line":25,"column":6},"end":{"line":30,"column":7}},{"start":{"line":25,"column":6},"end":{"line":30,"column":7}}],"line":25},"5":{"loc":{"start":{"line":27,"column":13},"end":{"line":30,"column":7}},"type":"if","locations":[{"start":{"line":27,"column":13},"end":{"line":30,"column":7}},{"start":{"line":27,"column":13},"end":{"line":30,"column":7}}],"line":27},"6":{"loc":{"start":{"line":31,"column":82},"end":{"line":31,"column":155}},"type":"if","locations":[{"start":{"line":31,"column":82},"end":{"line":31,"column":155}},{"start":{"line":31,"column":82},"end":{"line":31,"column":155}}],"line":31},"7":{"loc":{"start":{"line":31,"column":86},"end":{"line":31,"column":132}},"type":"binary-expr","locations":[{"start":{"line":31,"column":86},"end":{"line":31,"column":112}},{"start":{"line":31,"column":116},"end":{"line":31,"column":132}}],"line":31},"8":{"loc":{"start":{"line":31,"column":166},"end":{"line":31,"column":212}},"type":"if","locations":[{"start":{"line":31,"column":166},"end":{"line":31,"column":212}},{"start":{"line":31,"column":166},"end":{"line":31,"column":212}}],"line":31},"9":{"loc":{"start":{"line":39,"column":4},"end":{"line":39,"column":37}},"type":"if","locations":[{"start":{"line":39,"column":4},"end":{"line":39,"column":37}},{"start":{"line":39,"column":4},"end":{"line":39,"column":37}}],"line":39}},"s":{"0":0,"1":0,"2":0,"3":0,"4":0,"5":0,"6":0,"7":0,"8":0,"9":0,"10":0,"11":0,"12":0,"13":0,"14":0,"15":0,"16":0,"17":0,"18":0,"19":0,"20":0,"21":0,"22":0,"23":0,"24":0,"25":0,"26":0,"27":0,"28":0,"29":0,"30":0,"31":0,"32":0,"33":0,"34":0,"35":0,"36":0,"37":0,"38":0,"39":0,"40":0,"41":0,"42":0,"43":0},"f":{"0":0,"1":0,"2":0,"3":0,"4":0},"b":{"0":[0,0],"1":[0,0],"2":[0,0],"3":[0,0],"4":[0,0],"5":[0,0],"6":[0,0],"7":[0,0],"8":[0,0],"9":[0,0]}}
,"/Users/Ricardino/hr-rpt01/TableCRM/server/db/leads.js": {"path":"/Users/Ricardino/hr-rpt01/TableCRM/server/db/leads.js","statementMap":{"0":{"start":{"line":1,"column":22},"end":{"line":1,"column":41}},"1":{"start":{"line":2,"column":10},"end":{"line":2,"column":34}},"2":{"start":{"line":3,"column":13},"end":{"line":3,"column":30}},"3":{"start":{"line":5,"column":18},"end":{"line":10,"column":1}},"4":{"start":{"line":6,"column":2},"end":{"line":9,"column":5}},"5":{"start":{"line":7,"column":4},"end":{"line":7,"column":30}},"6":{"start":{"line":7,"column":13},"end":{"line":7,"column":30}},"7":{"start":{"line":8,"column":4},"end":{"line":8,"column":19}},"8":{"start":{"line":12,"column":27},"end":{"line":35,"column":1}},"9":{"start":{"line":13,"column":13},"end":{"line":13,"column":19}},"10":{"start":{"line":14,"column":2},"end":{"line":18,"column":3}},"11":{"start":{"line":15,"column":4},"end":{"line":15,"column":28}},"12":{"start":{"line":16,"column":9},"end":{"line":18,"column":3}},"13":{"start":{"line":17,"column":4},"end":{"line":17,"column":32}},"14":{"start":{"line":18,"column":35},"end":{"line":18,"column":39}},"15":{"start":{"line":18,"column":64},"end":{"line":18,"column":69}},"16":{"start":{"line":18,"column":91},"end":{"line":18,"column":100}},"17":{"start":{"line":18,"column":101},"end":{"line":32,"column":214}},"18":{"start":{"line":20,"column":4},"end":{"line":32,"column":5}},"19":{"start":{"line":20,"column":166},"end":{"line":20,"column":177}},"20":{"start":{"line":21,"column":6},"end":{"line":21,"column":103}},"21":{"start":{"line":21,"column":25},"end":{"line":21,"column":103}},"22":{"start":{"line":22,"column":22},"end":{"line":22,"column":43}},"23":{"start":{"line":23,"column":19},"end":{"line":23,"column":43}},"24":{"start":{"line":24,"column":19},"end":{"line":24,"column":48}},"25":{"start":{"line":26,"column":6},"end":{"line":31,"column":7}},"26":{"start":{"line":27,"column":8},"end":{"line":27,"column":79}},"27":{"start":{"line":28,"column":13},"end":{"line":31,"column":7}},"28":{"start":{"line":29,"column":26},"end":{"line":29,"column":55}},"29":{"start":{"line":30,"column":8},"end":{"line":30,"column":123}},"30":{"start":{"line":32,"column":20},"end":{"line":32,"column":45}},"31":{"start":{"line":32,"column":45},"end":{"line":32,"column":66}},"32":{"start":{"line":32,"column":77},"end":{"line":32,"column":213}},"33":{"start":{"line":32,"column":82},"end":{"line":32,"column":155}},"34":{"start":{"line":32,"column":135},"end":{"line":32,"column":154}},"35":{"start":{"line":32,"column":166},"end":{"line":32,"column":212}},"36":{"start":{"line":32,"column":190},"end":{"line":32,"column":211}},"37":{"start":{"line":34,"column":2},"end":{"line":34,"column":22}},"38":{"start":{"line":37,"column":18},"end":{"line":43,"column":1}},"39":{"start":{"line":38,"column":19},"end":{"line":38,"column":38}},"40":{"start":{"line":39,"column":2},"end":{"line":41,"column":5}},"41":{"start":{"line":40,"column":4},"end":{"line":40,"column":37}},"42":{"start":{"line":40,"column":13},"end":{"line":40,"column":37}},"43":{"start":{"line":42,"column":2},"end":{"line":42,"column":25}},"44":{"start":{"line":45,"column":22},"end":{"line":50,"column":1}},"45":{"start":{"line":46,"column":2},"end":{"line":49,"column":5}},"46":{"start":{"line":47,"column":4},"end":{"line":47,"column":30}},"47":{"start":{"line":47,"column":13},"end":{"line":47,"column":30}},"48":{"start":{"line":48,"column":4},"end":{"line":48,"column":19}},"49":{"start":{"line":52,"column":0},"end":{"line":56,"column":37}}},"fnMap":{"0":{"name":"getAllLeads","decl":{"start":{"line":5,"column":27},"end":{"line":5,"column":38}},"loc":{"start":{"line":5,"column":49},"end":{"line":10,"column":1}},"line":5},"1":{"name":"(anonymous_1)","decl":{"start":{"line":6,"column":34},"end":{"line":6,"column":35}},"loc":{"start":{"line":6,"column":55},"end":{"line":9,"column":3}},"line":6},"2":{"name":"createAndUpdateLeads","decl":{"start":{"line":12,"column":36},"end":{"line":12,"column":56}},"loc":{"start":{"line":12,"column":67},"end":{"line":35,"column":1}},"line":12},"3":{"name":"deleteLeads","decl":{"start":{"line":37,"column":27},"end":{"line":37,"column":38}},"loc":{"start":{"line":37,"column":49},"end":{"line":43,"column":1}},"line":37},"4":{"name":"(anonymous_4)","decl":{"start":{"line":39,"column":64},"end":{"line":39,"column":65}},"loc":{"start":{"line":39,"column":88},"end":{"line":41,"column":3}},"line":39},"5":{"name":"getColumnOrders","decl":{"start":{"line":45,"column":31},"end":{"line":45,"column":46}},"loc":{"start":{"line":45,"column":57},"end":{"line":50,"column":1}},"line":45},"6":{"name":"(anonymous_6)","decl":{"start":{"line":46,"column":67},"end":{"line":46,"column":68}},"loc":{"start":{"line":46,"column":88},"end":{"line":49,"column":3}},"line":46}},"branchMap":{"0":{"loc":{"start":{"line":7,"column":4},"end":{"line":7,"column":30}},"type":"if","locations":[{"start":{"line":7,"column":4},"end":{"line":7,"column":30}},{"start":{"line":7,"column":4},"end":{"line":7,"column":30}}],"line":7},"1":{"loc":{"start":{"line":14,"column":2},"end":{"line":18,"column":3}},"type":"if","locations":[{"start":{"line":14,"column":2},"end":{"line":18,"column":3}},{"start":{"line":14,"column":2},"end":{"line":18,"column":3}}],"line":14},"2":{"loc":{"start":{"line":16,"column":9},"end":{"line":18,"column":3}},"type":"if","locations":[{"start":{"line":16,"column":9},"end":{"line":18,"column":3}},{"start":{"line":16,"column":9},"end":{"line":18,"column":3}}],"line":16},"3":{"loc":{"start":{"line":21,"column":6},"end":{"line":21,"column":103}},"type":"if","locations":[{"start":{"line":21,"column":6},"end":{"line":21,"column":103}},{"start":{"line":21,"column":6},"end":{"line":21,"column":103}}],"line":21},"4":{"loc":{"start":{"line":26,"column":6},"end":{"line":31,"column":7}},"type":"if","locations":[{"start":{"line":26,"column":6},"end":{"line":31,"column":7}},{"start":{"line":26,"column":6},"end":{"line":31,"column":7}}],"line":26},"5":{"loc":{"start":{"line":28,"column":13},"end":{"line":31,"column":7}},"type":"if","locations":[{"start":{"line":28,"column":13},"end":{"line":31,"column":7}},{"start":{"line":28,"column":13},"end":{"line":31,"column":7}}],"line":28},"6":{"loc":{"start":{"line":32,"column":82},"end":{"line":32,"column":155}},"type":"if","locations":[{"start":{"line":32,"column":82},"end":{"line":32,"column":155}},{"start":{"line":32,"column":82},"end":{"line":32,"column":155}}],"line":32},"7":{"loc":{"start":{"line":32,"column":86},"end":{"line":32,"column":132}},"type":"binary-expr","locations":[{"start":{"line":32,"column":86},"end":{"line":32,"column":112}},{"start":{"line":32,"column":116},"end":{"line":32,"column":132}}],"line":32},"8":{"loc":{"start":{"line":32,"column":166},"end":{"line":32,"column":212}},"type":"if","locations":[{"start":{"line":32,"column":166},"end":{"line":32,"column":212}},{"start":{"line":32,"column":166},"end":{"line":32,"column":212}}],"line":32},"9":{"loc":{"start":{"line":40,"column":4},"end":{"line":40,"column":37}},"type":"if","locations":[{"start":{"line":40,"column":4},"end":{"line":40,"column":37}},{"start":{"line":40,"column":4},"end":{"line":40,"column":37}}],"line":40},"10":{"loc":{"start":{"line":47,"column":4},"end":{"line":47,"column":30}},"type":"if","locations":[{"start":{"line":47,"column":4},"end":{"line":47,"column":30}},{"start":{"line":47,"column":4},"end":{"line":47,"column":30}}],"line":47}},"s":{"0":0,"1":0,"2":0,"3":0,"4":0,"5":0,"6":0,"7":0,"8":0,"9":0,"10":0,"11":0,"12":0,"13":0,"14":0,"15":0,"16":0,"17":0,"18":0,"19":0,"20":0,"21":0,"22":0,"23":0,"24":0,"25":0,"26":0,"27":0,"28":0,"29":0,"30":0,"31":0,"32":0,"33":0,"34":0,"35":0,"36":0,"37":0,"38":0,"39":0,"40":0,"41":0,"42":0,"43":0,"44":0,"45":0,"46":0,"47":0,"48":0,"49":0},"f":{"0":0,"1":0,"2":0,"3":0,"4":0,"5":0,"6":0},"b":{"0":[0,0],"1":[0,0],"2":[0,0],"3":[0,0],"4":[0,0],"5":[0,0],"6":[0,0],"7":[0,0],"8":[0,0],"9":[0,0],"10":[0,0]}}
,"/Users/Ricardino/hr-rpt01/TableCRM/server/db/opportunities.js": {"path":"/Users/Ricardino/hr-rpt01/TableCRM/server/db/opportunities.js","statementMap":{"0":{"start":{"line":1,"column":22},"end":{"line":1,"column":41}},"1":{"start":{"line":2,"column":10},"end":{"line":2,"column":34}},"2":{"start":{"line":4,"column":0},"end":{"line":10,"column":2}},"3":{"start":{"line":5,"column":2},"end":{"line":9,"column":5}},"4":{"start":{"line":6,"column":4},"end":{"line":8,"column":5}},"5":{"start":{"line":7,"column":6},"end":{"line":7,"column":21}},"6":{"start":{"line":12,"column":0},"end":{"line":34,"column":2}},"7":{"start":{"line":13,"column":13},"end":{"line":13,"column":19}},"8":{"start":{"line":14,"column":2},"end":{"line":18,"column":3}},"9":{"start":{"line":15,"column":4},"end":{"line":15,"column":28}},"10":{"start":{"line":16,"column":9},"end":{"line":18,"column":3}},"11":{"start":{"line":17,"column":4},"end":{"line":17,"column":32}},"12":{"start":{"line":18,"column":35},"end":{"line":18,"column":39}},"13":{"start":{"line":18,"column":64},"end":{"line":18,"column":69}},"14":{"start":{"line":18,"column":91},"end":{"line":18,"column":100}},"15":{"start":{"line":18,"column":101},"end":{"line":31,"column":214}},"16":{"start":{"line":20,"column":4},"end":{"line":31,"column":5}},"17":{"start":{"line":20,"column":166},"end":{"line":20,"column":177}},"18":{"start":{"line":21,"column":22},"end":{"line":21,"column":43}},"19":{"start":{"line":22,"column":19},"end":{"line":22,"column":43}},"20":{"start":{"line":23,"column":19},"end":{"line":23,"column":48}},"21":{"start":{"line":25,"column":6},"end":{"line":30,"column":7}},"22":{"start":{"line":26,"column":8},"end":{"line":26,"column":87}},"23":{"start":{"line":27,"column":13},"end":{"line":30,"column":7}},"24":{"start":{"line":28,"column":26},"end":{"line":28,"column":55}},"25":{"start":{"line":29,"column":8},"end":{"line":29,"column":131}},"26":{"start":{"line":31,"column":20},"end":{"line":31,"column":45}},"27":{"start":{"line":31,"column":45},"end":{"line":31,"column":66}},"28":{"start":{"line":31,"column":77},"end":{"line":31,"column":213}},"29":{"start":{"line":31,"column":82},"end":{"line":31,"column":155}},"30":{"start":{"line":31,"column":135},"end":{"line":31,"column":154}},"31":{"start":{"line":31,"column":166},"end":{"line":31,"column":212}},"32":{"start":{"line":31,"column":190},"end":{"line":31,"column":211}},"33":{"start":{"line":33,"column":2},"end":{"line":33,"column":22}},"34":{"start":{"line":36,"column":0},"end":{"line":41,"column":2}},"35":{"start":{"line":37,"column":19},"end":{"line":37,"column":38}},"36":{"start":{"line":38,"column":2},"end":{"line":40,"column":5}},"37":{"start":{"line":39,"column":4},"end":{"line":39,"column":36}},"38":{"start":{"line":39,"column":15},"end":{"line":39,"column":35}}},"fnMap":{"0":{"name":"(anonymous_0)","decl":{"start":{"line":4,"column":37},"end":{"line":4,"column":38}},"loc":{"start":{"line":4,"column":57},"end":{"line":10,"column":1}},"line":4},"1":{"name":"(anonymous_1)","decl":{"start":{"line":5,"column":42},"end":{"line":5,"column":43}},"loc":{"start":{"line":5,"column":63},"end":{"line":9,"column":3}},"line":5},"2":{"name":"(anonymous_2)","decl":{"start":{"line":12,"column":46},"end":{"line":12,"column":47}},"loc":{"start":{"line":12,"column":66},"end":{"line":34,"column":1}},"line":12},"3":{"name":"(anonymous_3)","decl":{"start":{"line":36,"column":37},"end":{"line":36,"column":38}},"loc":{"start":{"line":36,"column":57},"end":{"line":41,"column":1}},"line":36},"4":{"name":"(anonymous_4)","decl":{"start":{"line":38,"column":74},"end":{"line":38,"column":75}},"loc":{"start":{"line":38,"column":89},"end":{"line":40,"column":3}},"line":38}},"branchMap":{"0":{"loc":{"start":{"line":6,"column":4},"end":{"line":8,"column":5}},"type":"if","locations":[{"start":{"line":6,"column":4},"end":{"line":8,"column":5}},{"start":{"line":6,"column":4},"end":{"line":8,"column":5}}],"line":6},"1":{"loc":{"start":{"line":14,"column":2},"end":{"line":18,"column":3}},"type":"if","locations":[{"start":{"line":14,"column":2},"end":{"line":18,"column":3}},{"start":{"line":14,"column":2},"end":{"line":18,"column":3}}],"line":14},"2":{"loc":{"start":{"line":16,"column":9},"end":{"line":18,"column":3}},"type":"if","locations":[{"start":{"line":16,"column":9},"end":{"line":18,"column":3}},{"start":{"line":16,"column":9},"end":{"line":18,"column":3}}],"line":16},"3":{"loc":{"start":{"line":25,"column":6},"end":{"line":30,"column":7}},"type":"if","locations":[{"start":{"line":25,"column":6},"end":{"line":30,"column":7}},{"start":{"line":25,"column":6},"end":{"line":30,"column":7}}],"line":25},"4":{"loc":{"start":{"line":27,"column":13},"end":{"line":30,"column":7}},"type":"if","locations":[{"start":{"line":27,"column":13},"end":{"line":30,"column":7}},{"start":{"line":27,"column":13},"end":{"line":30,"column":7}}],"line":27},"5":{"loc":{"start":{"line":31,"column":82},"end":{"line":31,"column":155}},"type":"if","locations":[{"start":{"line":31,"column":82},"end":{"line":31,"column":155}},{"start":{"line":31,"column":82},"end":{"line":31,"column":155}}],"line":31},"6":{"loc":{"start":{"line":31,"column":86},"end":{"line":31,"column":132}},"type":"binary-expr","locations":[{"start":{"line":31,"column":86},"end":{"line":31,"column":112}},{"start":{"line":31,"column":116},"end":{"line":31,"column":132}}],"line":31},"7":{"loc":{"start":{"line":31,"column":166},"end":{"line":31,"column":212}},"type":"if","locations":[{"start":{"line":31,"column":166},"end":{"line":31,"column":212}},{"start":{"line":31,"column":166},"end":{"line":31,"column":212}}],"line":31},"8":{"loc":{"start":{"line":39,"column":4},"end":{"line":39,"column":36}},"type":"if","locations":[{"start":{"line":39,"column":4},"end":{"line":39,"column":36}},{"start":{"line":39,"column":4},"end":{"line":39,"column":36}}],"line":39}},"s":{"0":0,"1":0,"2":0,"3":0,"4":0,"5":0,"6":0,"7":0,"8":0,"9":0,"10":0,"11":0,"12":0,"13":0,"14":0,"15":0,"16":0,"17":0,"18":0,"19":0,"20":0,"21":0,"22":0,"23":0,"24":0,"25":0,"26":0,"27":0,"28":0,"29":0,"30":0,"31":0,"32":0,"33":0,"34":0,"35":0,"36":0,"37":0,"38":0},"f":{"0":0,"1":0,"2":0,"3":0,"4":0},"b":{"0":[0,0],"1":[0,0],"2":[0,0],"3":[0,0],"4":[0,0],"5":[0,0],"6":[0,0],"7":[0,0],"8":[0,0]}}
,"/Users/Ricardino/hr-rpt01/TableCRM/server/lib/helper.js": {"path":"/Users/Ricardino/hr-rpt01/TableCRM/server/lib/helper.js","statementMap":{"0":{"start":{"line":1,"column":13},"end":{"line":5,"column":2}},"1":{"start":{"line":2,"column":18},"end":{"line":2,"column":34}},"2":{"start":{"line":4,"column":2},"end":{"line":4,"column":19}},"3":{"start":{"line":7,"column":0},"end":{"line":11,"column":2}},"4":{"start":{"line":8,"column":15},"end":{"line":8,"column":35}},"5":{"start":{"line":10,"column":2},"end":{"line":10,"column":16}},"6":{"start":{"line":13,"column":0},"end":{"line":27,"column":2}},"7":{"start":{"line":14,"column":15},"end":{"line":14,"column":67}},"8":{"start":{"line":14,"column":47},"end":{"line":14,"column":65}},"9":{"start":{"line":15,"column":2},"end":{"line":23,"column":3}},"10":{"start":{"line":17,"column":4},"end":{"line":19,"column":5}},"11":{"start":{"line":18,"column":6},"end":{"line":18,"column":25}},"12":{"start":{"line":20,"column":4},"end":{"line":22,"column":5}},"13":{"start":{"line":21,"column":6},"end":{"line":21,"column":40}},"14":{"start":{"line":24,"column":2},"end":{"line":24,"column":29}},"15":{"start":{"line":26,"column":2},"end":{"line":26,"column":16}},"16":{"start":{"line":29,"column":0},"end":{"line":36,"column":2}},"17":{"start":{"line":30,"column":2},"end":{"line":32,"column":3}},"18":{"start":{"line":31,"column":4},"end":{"line":31,"column":66}},"19":{"start":{"line":33,"column":20},"end":{"line":33,"column":40}},"20":{"start":{"line":35,"column":2},"end":{"line":35,"column":21}}},"fnMap":{"0":{"name":"(anonymous_0)","decl":{"start":{"line":1,"column":43},"end":{"line":1,"column":44}},"loc":{"start":{"line":1,"column":58},"end":{"line":5,"column":1}},"line":1},"1":{"name":"(anonymous_1)","decl":{"start":{"line":7,"column":27},"end":{"line":7,"column":28}},"loc":{"start":{"line":7,"column":48},"end":{"line":11,"column":1}},"line":7},"2":{"name":"(anonymous_2)","decl":{"start":{"line":13,"column":27},"end":{"line":13,"column":28}},"loc":{"start":{"line":13,"column":53},"end":{"line":27,"column":1}},"line":13},"3":{"name":"(anonymous_3)","decl":{"start":{"line":14,"column":29},"end":{"line":14,"column":30}},"loc":{"start":{"line":14,"column":46},"end":{"line":14,"column":66}},"line":14},"4":{"name":"(anonymous_4)","decl":{"start":{"line":29,"column":32},"end":{"line":29,"column":33}},"loc":{"start":{"line":29,"column":53},"end":{"line":36,"column":1}},"line":29}},"branchMap":{"0":{"loc":{"start":{"line":17,"column":4},"end":{"line":19,"column":5}},"type":"if","locations":[{"start":{"line":17,"column":4},"end":{"line":19,"column":5}},{"start":{"line":17,"column":4},"end":{"line":19,"column":5}}],"line":17},"1":{"loc":{"start":{"line":17,"column":8},"end":{"line":17,"column":46}},"type":"binary-expr","locations":[{"start":{"line":17,"column":8},"end":{"line":17,"column":26}},{"start":{"line":17,"column":30},"end":{"line":17,"column":46}}],"line":17},"2":{"loc":{"start":{"line":20,"column":4},"end":{"line":22,"column":5}},"type":"if","locations":[{"start":{"line":20,"column":4},"end":{"line":22,"column":5}},{"start":{"line":20,"column":4},"end":{"line":22,"column":5}}],"line":20},"3":{"loc":{"start":{"line":20,"column":8},"end":{"line":20,"column":61}},"type":"binary-expr","locations":[{"start":{"line":20,"column":8},"end":{"line":20,"column":37}},{"start":{"line":20,"column":41},"end":{"line":20,"column":61}}],"line":20}},"s":{"0":0,"1":0,"2":0,"3":0,"4":0,"5":0,"6":0,"7":0,"8":0,"9":0,"10":0,"11":0,"12":0,"13":0,"14":0,"15":0,"16":0,"17":0,"18":0,"19":0,"20":0},"f":{"0":0,"1":0,"2":0,"3":0,"4":0},"b":{"0":[0,0],"1":[0,0],"2":[0,0],"3":[0,0]}}
}
